{"numTotalTestSuites":20,"numPassedTestSuites":20,"numFailedTestSuites":0,"numPendingTestSuites":3,"numTotalTests":30,"numPassedTests":30,"numFailedTests":0,"numPendingTests":1,"numTodoTests":0,"startTime":1757936046296,"success":true,"testResults":[{"assertionResults":[{"ancestorTitles":["","API Tests (Node Environment)","Health Check"],"fullName":" API Tests (Node Environment) Health Check should respond to health check","status":"passed","title":"should respond to health check","duration":13,"failureMessages":[]},{"ancestorTitles":["","API Tests (Node Environment)","Watches API"],"fullName":" API Tests (Node Environment) Watches API should get all watches","status":"passed","title":"should get all watches","duration":8,"failureMessages":[]},{"ancestorTitles":["","API Tests (Node Environment)","Watches API"],"fullName":" API Tests (Node Environment) Watches API should search for watches","status":"passed","title":"should search for watches","duration":3,"failureMessages":[]},{"ancestorTitles":["","API Tests (Node Environment)","Watches API"],"fullName":" API Tests (Node Environment) Watches API should filter watches by brand","status":"passed","title":"should filter watches by brand","duration":69,"failureMessages":[]},{"ancestorTitles":["","API Tests (Node Environment)","Watches API"],"fullName":" API Tests (Node Environment) Watches API should get single watch details","status":"passed","title":"should get single watch details","duration":6,"failureMessages":[]},{"ancestorTitles":["","API Tests (Node Environment)","Users API"],"fullName":" API Tests (Node Environment) Users API should check authentication status","status":"passed","title":"should check authentication status","duration":2,"failureMessages":[]},{"ancestorTitles":["","API Tests (Node Environment)","Bids API"],"fullName":" API Tests (Node Environment) Bids API should handle bids endpoint","status":"passed","title":"should handle bids endpoint","duration":2,"failureMessages":[]},{"ancestorTitles":["","API Tests (Node Environment)","Admin API"],"fullName":" API Tests (Node Environment) Admin API should get admin statistics","status":"passed","title":"should get admin statistics","duration":3,"failureMessages":[]},{"ancestorTitles":["","API Tests (Node Environment)","Admin API"],"fullName":" API Tests (Node Environment) Admin API should check admin login endpoint","status":"passed","title":"should check admin login endpoint","duration":4,"failureMessages":[]},{"ancestorTitles":["","API Tests (Node Environment)","API Performance"],"fullName":" API Tests (Node Environment) API Performance should respond quickly to requests","status":"passed","title":"should respond quickly to requests","duration":3,"failureMessages":[]},{"ancestorTitles":["","API Tests (Node Environment)","API Performance"],"fullName":" API Tests (Node Environment) API Performance should handle concurrent requests","status":"passed","title":"should handle concurrent requests","duration":18,"failureMessages":[]},{"ancestorTitles":["","API Tests (Node Environment)","Error Handling"],"fullName":" API Tests (Node Environment) Error Handling should return 404 for non-existent endpoints","status":"passed","title":"should return 404 for non-existent endpoints","duration":1,"failureMessages":[]},{"ancestorTitles":["","API Tests (Node Environment)","Error Handling"],"fullName":" API Tests (Node Environment) Error Handling should return 404 for non-existent watch","status":"passed","title":"should return 404 for non-existent watch","duration":2,"failureMessages":[]},{"ancestorTitles":["","API Tests (Node Environment)","Error Handling"],"fullName":" API Tests (Node Environment) Error Handling should handle invalid watch ID format","status":"passed","title":"should handle invalid watch ID format","duration":1,"failureMessages":[]},{"ancestorTitles":["","API Tests (Node Environment)","CORS Headers"],"fullName":" API Tests (Node Environment) CORS Headers should include CORS headers","status":"passed","title":"should include CORS headers","duration":2,"failureMessages":[]}],"startTime":1757936046806,"endTime":1757936046944,"status":"passed","message":"","name":"/Users/paulmccarthy/juno-marketplace/test-automation/suites/api/api.node.test.js"},{"assertionResults":[{"ancestorTitles":["","API Tests","Health Check"],"fullName":" API Tests Health Check should respond to health check","status":"pending","title":"should respond to health check","failureMessages":[]},{"ancestorTitles":["","API Tests","Watches API"],"fullName":" API Tests Watches API should get all watches","status":"pending","title":"should get all watches","failureMessages":[]},{"ancestorTitles":["","API Tests","Watches API"],"fullName":" API Tests Watches API should search for watches","status":"pending","title":"should search for watches","failureMessages":[]},{"ancestorTitles":["","API Tests","Watches API"],"fullName":" API Tests Watches API should filter watches by brand","status":"pending","title":"should filter watches by brand","failureMessages":[]},{"ancestorTitles":["","API Tests","Watches API"],"fullName":" API Tests Watches API should get single watch details","status":"pending","title":"should get single watch details","failureMessages":[]},{"ancestorTitles":["","API Tests","Users API"],"fullName":" API Tests Users API should check authentication status","status":"pending","title":"should check authentication status","failureMessages":[]},{"ancestorTitles":["","API Tests","Bids API"],"fullName":" API Tests Bids API should get all bids","status":"pending","title":"should get all bids","failureMessages":[]},{"ancestorTitles":["","API Tests","Admin API"],"fullName":" API Tests Admin API should get admin statistics","status":"pending","title":"should get admin statistics","failureMessages":[]},{"ancestorTitles":["","API Tests","Admin API"],"fullName":" API Tests Admin API should check admin login endpoint","status":"pending","title":"should check admin login endpoint","failureMessages":[]},{"ancestorTitles":["","API Tests","API Performance"],"fullName":" API Tests API Performance should respond quickly to requests","status":"pending","title":"should respond quickly to requests","failureMessages":[]},{"ancestorTitles":["","API Tests","API Performance"],"fullName":" API Tests API Performance should handle concurrent requests","status":"pending","title":"should handle concurrent requests","failureMessages":[]},{"ancestorTitles":["","API Tests","Error Handling"],"fullName":" API Tests Error Handling should return 404 for non-existent endpoints","status":"pending","title":"should return 404 for non-existent endpoints","failureMessages":[]},{"ancestorTitles":["","API Tests","Error Handling"],"fullName":" API Tests Error Handling should return 404 for non-existent watch","status":"pending","title":"should return 404 for non-existent watch","failureMessages":[]},{"ancestorTitles":["","API Tests","Error Handling"],"fullName":" API Tests Error Handling should handle invalid watch ID format","status":"pending","title":"should handle invalid watch ID format","failureMessages":[]},{"ancestorTitles":["","API Tests","CORS Headers"],"fullName":" API Tests CORS Headers should include CORS headers","status":"pending","title":"should include CORS headers","failureMessages":[]}],"startTime":1757936047064,"endTime":1757936047064,"status":"passed","message":"","name":"/Users/paulmccarthy/juno-marketplace/test-automation/suites/api/api.test.js"}]}