<testsuites id="" name="" tests="53" failures="49" skipped="0" errors="0" time="65.47018200000001">
<testsuite name="admin.spec.js" timestamp="2025-09-15T11:30:30.904Z" hostname="chromium" tests="31" failures="31" skipped="0" time="14.149" errors="0">
<testcase name="Admin Application E2E Tests › Admin Authentication › should display login page" classname="admin.spec.js" time="0.875">
<failure message="admin.spec.js:9:5 should display login page" type="FAILURE">
<![CDATA[  [chromium] › admin.spec.js:9:5 › Admin Application E2E Tests › Admin Authentication › should display login page 

    Error: page.goto: net::ERR_CONNECTION_REFUSED at http://localhost:5174/login
    Call log:
      - navigating to "http://localhost:5174/login", waiting until "load"


       8 |   test.describe('Admin Authentication', () => {
       9 |     test('should display login page', async ({ page }) => {
    > 10 |       await page.goto(`${ADMIN_URL}/login`);
         |                  ^
      11 |       
      12 |       await expect(page.locator('h1, h2')).toContainText(/Admin Login/i);
      13 |       await expect(page.getByPlaceholder(/Email/i)).toBeVisible();
        at /Users/paulmccarthy/juno-marketplace/test-automation/suites/e2e/admin.spec.js:10:18

    attachment #1: screenshot (image/png) ──────────────────────────────────────────────────────────
    ../../test-results/admin-Admin-Application-E2-d0b48-n-should-display-login-page-chromium/test-failed-1.png
    ────────────────────────────────────────────────────────────────────────────────────────────────

    attachment #2: video (video/webm) ──────────────────────────────────────────────────────────────
    ../../test-results/admin-Admin-Application-E2-d0b48-n-should-display-login-page-chromium/video.webm
    ────────────────────────────────────────────────────────────────────────────────────────────────

    attachment #3: trace (application/zip) ─────────────────────────────────────────────────────────
    ../../test-results/admin-Admin-Application-E2-d0b48-n-should-display-login-page-chromium/trace.zip
    Usage:

        npx playwright show-trace ../../test-results/admin-Admin-Application-E2-d0b48-n-should-display-login-page-chromium/trace.zip

    ────────────────────────────────────────────────────────────────────────────────────────────────
]]>
</failure>
<system-out>
<![CDATA[
[[ATTACHMENT|../test-results/admin-Admin-Application-E2-d0b48-n-should-display-login-page-chromium/test-failed-1.png]]

[[ATTACHMENT|../test-results/admin-Admin-Application-E2-d0b48-n-should-display-login-page-chromium/video.webm]]

[[ATTACHMENT|../test-results/admin-Admin-Application-E2-d0b48-n-should-display-login-page-chromium/trace.zip]]
]]>
</system-out>
</testcase>
<testcase name="Admin Application E2E Tests › Admin Authentication › should show error for invalid credentials" classname="admin.spec.js" time="0.855">
<failure message="admin.spec.js:18:5 should show error for invalid credentials" type="FAILURE">
<![CDATA[  [chromium] › admin.spec.js:18:5 › Admin Application E2E Tests › Admin Authentication › should show error for invalid credentials 

    Error: page.goto: net::ERR_CONNECTION_REFUSED at http://localhost:5174/login
    Call log:
      - navigating to "http://localhost:5174/login", waiting until "load"


      17 |
      18 |     test('should show error for invalid credentials', async ({ page }) => {
    > 19 |       await page.goto(`${ADMIN_URL}/login`);
         |                  ^
      20 |       
      21 |       await page.getByPlaceholder(/Email/i).fill('invalid@example.com');
      22 |       await page.getByPlaceholder(/Password/i).fill('wrongpassword');
        at /Users/paulmccarthy/juno-marketplace/test-automation/suites/e2e/admin.spec.js:19:18

    attachment #1: screenshot (image/png) ──────────────────────────────────────────────────────────
    ../../test-results/admin-Admin-Application-E2-986a9-ror-for-invalid-credentials-chromium/test-failed-1.png
    ────────────────────────────────────────────────────────────────────────────────────────────────

    attachment #2: video (video/webm) ──────────────────────────────────────────────────────────────
    ../../test-results/admin-Admin-Application-E2-986a9-ror-for-invalid-credentials-chromium/video.webm
    ────────────────────────────────────────────────────────────────────────────────────────────────

    attachment #3: trace (application/zip) ─────────────────────────────────────────────────────────
    ../../test-results/admin-Admin-Application-E2-986a9-ror-for-invalid-credentials-chromium/trace.zip
    Usage:

        npx playwright show-trace ../../test-results/admin-Admin-Application-E2-986a9-ror-for-invalid-credentials-chromium/trace.zip

    ────────────────────────────────────────────────────────────────────────────────────────────────
]]>
</failure>
<system-out>
<![CDATA[
[[ATTACHMENT|../test-results/admin-Admin-Application-E2-986a9-ror-for-invalid-credentials-chromium/test-failed-1.png]]

[[ATTACHMENT|../test-results/admin-Admin-Application-E2-986a9-ror-for-invalid-credentials-chromium/video.webm]]

[[ATTACHMENT|../test-results/admin-Admin-Application-E2-986a9-ror-for-invalid-credentials-chromium/trace.zip]]
]]>
</system-out>
</testcase>
<testcase name="Admin Application E2E Tests › Admin Authentication › should login with valid credentials" classname="admin.spec.js" time="0.882">
<failure message="admin.spec.js:29:5 should login with valid credentials" type="FAILURE">
<![CDATA[  [chromium] › admin.spec.js:29:5 › Admin Application E2E Tests › Admin Authentication › should login with valid credentials 

    Error: page.goto: net::ERR_CONNECTION_REFUSED at http://localhost:5174/login
    Call log:
      - navigating to "http://localhost:5174/login", waiting until "load"


      28 |
      29 |     test('should login with valid credentials', async ({ page }) => {
    > 30 |       await page.goto(`${ADMIN_URL}/login`);
         |                  ^
      31 |       
      32 |       await page.getByPlaceholder(/Email/i).fill(ADMIN_EMAIL);
      33 |       await page.getByPlaceholder(/Password/i).fill(ADMIN_PASSWORD);
        at /Users/paulmccarthy/juno-marketplace/test-automation/suites/e2e/admin.spec.js:30:18

    attachment #1: screenshot (image/png) ──────────────────────────────────────────────────────────
    ../../test-results/admin-Admin-Application-E2-0be38-ogin-with-valid-credentials-chromium/test-failed-1.png
    ────────────────────────────────────────────────────────────────────────────────────────────────

    attachment #2: video (video/webm) ──────────────────────────────────────────────────────────────
    ../../test-results/admin-Admin-Application-E2-0be38-ogin-with-valid-credentials-chromium/video.webm
    ────────────────────────────────────────────────────────────────────────────────────────────────

    attachment #3: trace (application/zip) ─────────────────────────────────────────────────────────
    ../../test-results/admin-Admin-Application-E2-0be38-ogin-with-valid-credentials-chromium/trace.zip
    Usage:

        npx playwright show-trace ../../test-results/admin-Admin-Application-E2-0be38-ogin-with-valid-credentials-chromium/trace.zip

    ────────────────────────────────────────────────────────────────────────────────────────────────
]]>
</failure>
<system-out>
<![CDATA[
[[ATTACHMENT|../test-results/admin-Admin-Application-E2-0be38-ogin-with-valid-credentials-chromium/test-failed-1.png]]

[[ATTACHMENT|../test-results/admin-Admin-Application-E2-0be38-ogin-with-valid-credentials-chromium/video.webm]]

[[ATTACHMENT|../test-results/admin-Admin-Application-E2-0be38-ogin-with-valid-credentials-chromium/trace.zip]]
]]>
</system-out>
</testcase>
<testcase name="Admin Application E2E Tests › Admin Authentication › should logout successfully" classname="admin.spec.js" time="0.873">
<failure message="admin.spec.js:40:5 should logout successfully" type="FAILURE">
<![CDATA[  [chromium] › admin.spec.js:40:5 › Admin Application E2E Tests › Admin Authentication › should logout successfully 

    Error: page.goto: net::ERR_CONNECTION_REFUSED at http://localhost:5174/login
    Call log:
      - navigating to "http://localhost:5174/login", waiting until "load"


      393 |
      394 | async function loginAsAdmin(page) {
    > 395 |   await page.goto(`${ADMIN_URL}/login`);
          |              ^
      396 |   await page.getByPlaceholder(/Email/i).fill(ADMIN_EMAIL);
      397 |   await page.getByPlaceholder(/Password/i).fill(ADMIN_PASSWORD);
      398 |   await page.getByRole('button', { name: /Login/i }).click();
        at loginAsAdmin (/Users/paulmccarthy/juno-marketplace/test-automation/suites/e2e/admin.spec.js:395:14)
        at /Users/paulmccarthy/juno-marketplace/test-automation/suites/e2e/admin.spec.js:41:13

    attachment #1: screenshot (image/png) ──────────────────────────────────────────────────────────
    ../../test-results/admin-Admin-Application-E2-1a4b4--should-logout-successfully-chromium/test-failed-1.png
    ────────────────────────────────────────────────────────────────────────────────────────────────

    attachment #2: video (video/webm) ──────────────────────────────────────────────────────────────
    ../../test-results/admin-Admin-Application-E2-1a4b4--should-logout-successfully-chromium/video.webm
    ────────────────────────────────────────────────────────────────────────────────────────────────

    attachment #3: trace (application/zip) ─────────────────────────────────────────────────────────
    ../../test-results/admin-Admin-Application-E2-1a4b4--should-logout-successfully-chromium/trace.zip
    Usage:

        npx playwright show-trace ../../test-results/admin-Admin-Application-E2-1a4b4--should-logout-successfully-chromium/trace.zip

    ────────────────────────────────────────────────────────────────────────────────────────────────
]]>
</failure>
<system-out>
<![CDATA[
[[ATTACHMENT|../test-results/admin-Admin-Application-E2-1a4b4--should-logout-successfully-chromium/test-failed-1.png]]

[[ATTACHMENT|../test-results/admin-Admin-Application-E2-1a4b4--should-logout-successfully-chromium/video.webm]]

[[ATTACHMENT|../test-results/admin-Admin-Application-E2-1a4b4--should-logout-successfully-chromium/trace.zip]]
]]>
</system-out>
</testcase>
<testcase name="Admin Application E2E Tests › Admin Dashboard › should display dashboard statistics" classname="admin.spec.js" time="0.842">
<failure message="admin.spec.js:55:5 should display dashboard statistics" type="FAILURE">
<![CDATA[  [chromium] › admin.spec.js:55:5 › Admin Application E2E Tests › Admin Dashboard › should display dashboard statistics 

    Error: page.goto: net::ERR_CONNECTION_REFUSED at http://localhost:5174/login
    Call log:
      - navigating to "http://localhost:5174/login", waiting until "load"


      393 |
      394 | async function loginAsAdmin(page) {
    > 395 |   await page.goto(`${ADMIN_URL}/login`);
          |              ^
      396 |   await page.getByPlaceholder(/Email/i).fill(ADMIN_EMAIL);
      397 |   await page.getByPlaceholder(/Password/i).fill(ADMIN_PASSWORD);
      398 |   await page.getByRole('button', { name: /Login/i }).click();
        at loginAsAdmin (/Users/paulmccarthy/juno-marketplace/test-automation/suites/e2e/admin.spec.js:395:14)
        at /Users/paulmccarthy/juno-marketplace/test-automation/suites/e2e/admin.spec.js:52:13

    attachment #1: screenshot (image/png) ──────────────────────────────────────────────────────────
    ../../test-results/admin-Admin-Application-E2-4e372-isplay-dashboard-statistics-chromium/test-failed-1.png
    ────────────────────────────────────────────────────────────────────────────────────────────────

    attachment #2: video (video/webm) ──────────────────────────────────────────────────────────────
    ../../test-results/admin-Admin-Application-E2-4e372-isplay-dashboard-statistics-chromium/video.webm
    ────────────────────────────────────────────────────────────────────────────────────────────────

    attachment #3: trace (application/zip) ─────────────────────────────────────────────────────────
    ../../test-results/admin-Admin-Application-E2-4e372-isplay-dashboard-statistics-chromium/trace.zip
    Usage:

        npx playwright show-trace ../../test-results/admin-Admin-Application-E2-4e372-isplay-dashboard-statistics-chromium/trace.zip

    ────────────────────────────────────────────────────────────────────────────────────────────────
]]>
</failure>
<system-out>
<![CDATA[
[[ATTACHMENT|../test-results/admin-Admin-Application-E2-4e372-isplay-dashboard-statistics-chromium/test-failed-1.png]]

[[ATTACHMENT|../test-results/admin-Admin-Application-E2-4e372-isplay-dashboard-statistics-chromium/video.webm]]

[[ATTACHMENT|../test-results/admin-Admin-Application-E2-4e372-isplay-dashboard-statistics-chromium/trace.zip]]
]]>
</system-out>
</testcase>
<testcase name="Admin Application E2E Tests › Admin Dashboard › should navigate to watches management" classname="admin.spec.js" time="0.341">
<failure message="admin.spec.js:62:5 should navigate to watches management" type="FAILURE">
<![CDATA[  [chromium] › admin.spec.js:62:5 › Admin Application E2E Tests › Admin Dashboard › should navigate to watches management 

    Error: page.goto: net::ERR_CONNECTION_REFUSED at http://localhost:5174/login
    Call log:
      - navigating to "http://localhost:5174/login", waiting until "load"


      393 |
      394 | async function loginAsAdmin(page) {
    > 395 |   await page.goto(`${ADMIN_URL}/login`);
          |              ^
      396 |   await page.getByPlaceholder(/Email/i).fill(ADMIN_EMAIL);
      397 |   await page.getByPlaceholder(/Password/i).fill(ADMIN_PASSWORD);
      398 |   await page.getByRole('button', { name: /Login/i }).click();
        at loginAsAdmin (/Users/paulmccarthy/juno-marketplace/test-automation/suites/e2e/admin.spec.js:395:14)
        at /Users/paulmccarthy/juno-marketplace/test-automation/suites/e2e/admin.spec.js:52:13

    attachment #1: screenshot (image/png) ──────────────────────────────────────────────────────────
    ../../test-results/admin-Admin-Application-E2-003f8-igate-to-watches-management-chromium/test-failed-1.png
    ────────────────────────────────────────────────────────────────────────────────────────────────

    attachment #2: video (video/webm) ──────────────────────────────────────────────────────────────
    ../../test-results/admin-Admin-Application-E2-003f8-igate-to-watches-management-chromium/video.webm
    ────────────────────────────────────────────────────────────────────────────────────────────────

    attachment #3: trace (application/zip) ─────────────────────────────────────────────────────────
    ../../test-results/admin-Admin-Application-E2-003f8-igate-to-watches-management-chromium/trace.zip
    Usage:

        npx playwright show-trace ../../test-results/admin-Admin-Application-E2-003f8-igate-to-watches-management-chromium/trace.zip

    ────────────────────────────────────────────────────────────────────────────────────────────────
]]>
</failure>
<system-out>
<![CDATA[
[[ATTACHMENT|../test-results/admin-Admin-Application-E2-003f8-igate-to-watches-management-chromium/test-failed-1.png]]

[[ATTACHMENT|../test-results/admin-Admin-Application-E2-003f8-igate-to-watches-management-chromium/video.webm]]

[[ATTACHMENT|../test-results/admin-Admin-Application-E2-003f8-igate-to-watches-management-chromium/trace.zip]]
]]>
</system-out>
</testcase>
<testcase name="Admin Application E2E Tests › Admin Dashboard › should navigate to users management" classname="admin.spec.js" time="0.328">
<failure message="admin.spec.js:70:5 should navigate to users management" type="FAILURE">
<![CDATA[  [chromium] › admin.spec.js:70:5 › Admin Application E2E Tests › Admin Dashboard › should navigate to users management 

    Error: page.goto: net::ERR_CONNECTION_REFUSED at http://localhost:5174/login
    Call log:
      - navigating to "http://localhost:5174/login", waiting until "load"


      393 |
      394 | async function loginAsAdmin(page) {
    > 395 |   await page.goto(`${ADMIN_URL}/login`);
          |              ^
      396 |   await page.getByPlaceholder(/Email/i).fill(ADMIN_EMAIL);
      397 |   await page.getByPlaceholder(/Password/i).fill(ADMIN_PASSWORD);
      398 |   await page.getByRole('button', { name: /Login/i }).click();
        at loginAsAdmin (/Users/paulmccarthy/juno-marketplace/test-automation/suites/e2e/admin.spec.js:395:14)
        at /Users/paulmccarthy/juno-marketplace/test-automation/suites/e2e/admin.spec.js:52:13

    attachment #1: screenshot (image/png) ──────────────────────────────────────────────────────────
    ../../test-results/admin-Admin-Application-E2-f6dbf-avigate-to-users-management-chromium/test-failed-1.png
    ────────────────────────────────────────────────────────────────────────────────────────────────

    attachment #2: video (video/webm) ──────────────────────────────────────────────────────────────
    ../../test-results/admin-Admin-Application-E2-f6dbf-avigate-to-users-management-chromium/video.webm
    ────────────────────────────────────────────────────────────────────────────────────────────────

    attachment #3: trace (application/zip) ─────────────────────────────────────────────────────────
    ../../test-results/admin-Admin-Application-E2-f6dbf-avigate-to-users-management-chromium/trace.zip
    Usage:

        npx playwright show-trace ../../test-results/admin-Admin-Application-E2-f6dbf-avigate-to-users-management-chromium/trace.zip

    ────────────────────────────────────────────────────────────────────────────────────────────────
]]>
</failure>
<system-out>
<![CDATA[
[[ATTACHMENT|../test-results/admin-Admin-Application-E2-f6dbf-avigate-to-users-management-chromium/test-failed-1.png]]

[[ATTACHMENT|../test-results/admin-Admin-Application-E2-f6dbf-avigate-to-users-management-chromium/video.webm]]

[[ATTACHMENT|../test-results/admin-Admin-Application-E2-f6dbf-avigate-to-users-management-chromium/trace.zip]]
]]>
</system-out>
</testcase>
<testcase name="Admin Application E2E Tests › Admin Dashboard › should navigate to orders management" classname="admin.spec.js" time="0.363">
<failure message="admin.spec.js:78:5 should navigate to orders management" type="FAILURE">
<![CDATA[  [chromium] › admin.spec.js:78:5 › Admin Application E2E Tests › Admin Dashboard › should navigate to orders management 

    Error: page.goto: net::ERR_CONNECTION_REFUSED at http://localhost:5174/login
    Call log:
      - navigating to "http://localhost:5174/login", waiting until "load"


      393 |
      394 | async function loginAsAdmin(page) {
    > 395 |   await page.goto(`${ADMIN_URL}/login`);
          |              ^
      396 |   await page.getByPlaceholder(/Email/i).fill(ADMIN_EMAIL);
      397 |   await page.getByPlaceholder(/Password/i).fill(ADMIN_PASSWORD);
      398 |   await page.getByRole('button', { name: /Login/i }).click();
        at loginAsAdmin (/Users/paulmccarthy/juno-marketplace/test-automation/suites/e2e/admin.spec.js:395:14)
        at /Users/paulmccarthy/juno-marketplace/test-automation/suites/e2e/admin.spec.js:52:13

    attachment #1: screenshot (image/png) ──────────────────────────────────────────────────────────
    ../../test-results/admin-Admin-Application-E2-223a4-vigate-to-orders-management-chromium/test-failed-1.png
    ────────────────────────────────────────────────────────────────────────────────────────────────

    attachment #2: video (video/webm) ──────────────────────────────────────────────────────────────
    ../../test-results/admin-Admin-Application-E2-223a4-vigate-to-orders-management-chromium/video.webm
    ────────────────────────────────────────────────────────────────────────────────────────────────

    attachment #3: trace (application/zip) ─────────────────────────────────────────────────────────
    ../../test-results/admin-Admin-Application-E2-223a4-vigate-to-orders-management-chromium/trace.zip
    Usage:

        npx playwright show-trace ../../test-results/admin-Admin-Application-E2-223a4-vigate-to-orders-management-chromium/trace.zip

    ────────────────────────────────────────────────────────────────────────────────────────────────
]]>
</failure>
<system-out>
<![CDATA[
[[ATTACHMENT|../test-results/admin-Admin-Application-E2-223a4-vigate-to-orders-management-chromium/test-failed-1.png]]

[[ATTACHMENT|../test-results/admin-Admin-Application-E2-223a4-vigate-to-orders-management-chromium/video.webm]]

[[ATTACHMENT|../test-results/admin-Admin-Application-E2-223a4-vigate-to-orders-management-chromium/trace.zip]]
]]>
</system-out>
</testcase>
<testcase name="Admin Application E2E Tests › Admin Dashboard › should navigate to bids management" classname="admin.spec.js" time="0.374">
<failure message="admin.spec.js:86:5 should navigate to bids management" type="FAILURE">
<![CDATA[  [chromium] › admin.spec.js:86:5 › Admin Application E2E Tests › Admin Dashboard › should navigate to bids management 

    Error: page.goto: net::ERR_CONNECTION_REFUSED at http://localhost:5174/login
    Call log:
      - navigating to "http://localhost:5174/login", waiting until "load"


      393 |
      394 | async function loginAsAdmin(page) {
    > 395 |   await page.goto(`${ADMIN_URL}/login`);
          |              ^
      396 |   await page.getByPlaceholder(/Email/i).fill(ADMIN_EMAIL);
      397 |   await page.getByPlaceholder(/Password/i).fill(ADMIN_PASSWORD);
      398 |   await page.getByRole('button', { name: /Login/i }).click();
        at loginAsAdmin (/Users/paulmccarthy/juno-marketplace/test-automation/suites/e2e/admin.spec.js:395:14)
        at /Users/paulmccarthy/juno-marketplace/test-automation/suites/e2e/admin.spec.js:52:13

    attachment #1: screenshot (image/png) ──────────────────────────────────────────────────────────
    ../../test-results/admin-Admin-Application-E2-d805b-navigate-to-bids-management-chromium/test-failed-1.png
    ────────────────────────────────────────────────────────────────────────────────────────────────

    attachment #2: video (video/webm) ──────────────────────────────────────────────────────────────
    ../../test-results/admin-Admin-Application-E2-d805b-navigate-to-bids-management-chromium/video.webm
    ────────────────────────────────────────────────────────────────────────────────────────────────

    attachment #3: trace (application/zip) ─────────────────────────────────────────────────────────
    ../../test-results/admin-Admin-Application-E2-d805b-navigate-to-bids-management-chromium/trace.zip
    Usage:

        npx playwright show-trace ../../test-results/admin-Admin-Application-E2-d805b-navigate-to-bids-management-chromium/trace.zip

    ────────────────────────────────────────────────────────────────────────────────────────────────
]]>
</failure>
<system-out>
<![CDATA[
[[ATTACHMENT|../test-results/admin-Admin-Application-E2-d805b-navigate-to-bids-management-chromium/test-failed-1.png]]

[[ATTACHMENT|../test-results/admin-Admin-Application-E2-d805b-navigate-to-bids-management-chromium/video.webm]]

[[ATTACHMENT|../test-results/admin-Admin-Application-E2-d805b-navigate-to-bids-management-chromium/trace.zip]]
]]>
</system-out>
</testcase>
<testcase name="Admin Application E2E Tests › Watch Management › should display watch list" classname="admin.spec.js" time="0.315">
<failure message="admin.spec.js:101:5 should display watch list" type="FAILURE">
<![CDATA[  [chromium] › admin.spec.js:101:5 › Admin Application E2E Tests › Watch Management › should display watch list 

    Error: page.goto: net::ERR_CONNECTION_REFUSED at http://localhost:5174/login
    Call log:
      - navigating to "http://localhost:5174/login", waiting until "load"


      393 |
      394 | async function loginAsAdmin(page) {
    > 395 |   await page.goto(`${ADMIN_URL}/login`);
          |              ^
      396 |   await page.getByPlaceholder(/Email/i).fill(ADMIN_EMAIL);
      397 |   await page.getByPlaceholder(/Password/i).fill(ADMIN_PASSWORD);
      398 |   await page.getByRole('button', { name: /Login/i }).click();
        at loginAsAdmin (/Users/paulmccarthy/juno-marketplace/test-automation/suites/e2e/admin.spec.js:395:14)
        at /Users/paulmccarthy/juno-marketplace/test-automation/suites/e2e/admin.spec.js:97:13

    attachment #1: screenshot (image/png) ──────────────────────────────────────────────────────────
    ../../test-results/admin-Admin-Application-E2-6b4a4-t-should-display-watch-list-chromium/test-failed-1.png
    ────────────────────────────────────────────────────────────────────────────────────────────────

    attachment #2: video (video/webm) ──────────────────────────────────────────────────────────────
    ../../test-results/admin-Admin-Application-E2-6b4a4-t-should-display-watch-list-chromium/video.webm
    ────────────────────────────────────────────────────────────────────────────────────────────────

    attachment #3: trace (application/zip) ─────────────────────────────────────────────────────────
    ../../test-results/admin-Admin-Application-E2-6b4a4-t-should-display-watch-list-chromium/trace.zip
    Usage:

        npx playwright show-trace ../../test-results/admin-Admin-Application-E2-6b4a4-t-should-display-watch-list-chromium/trace.zip

    ────────────────────────────────────────────────────────────────────────────────────────────────
]]>
</failure>
<system-out>
<![CDATA[
[[ATTACHMENT|../test-results/admin-Admin-Application-E2-6b4a4-t-should-display-watch-list-chromium/test-failed-1.png]]

[[ATTACHMENT|../test-results/admin-Admin-Application-E2-6b4a4-t-should-display-watch-list-chromium/video.webm]]

[[ATTACHMENT|../test-results/admin-Admin-Application-E2-6b4a4-t-should-display-watch-list-chromium/trace.zip]]
]]>
</system-out>
</testcase>
<testcase name="Admin Application E2E Tests › Watch Management › should search for watches" classname="admin.spec.js" time="0.357">
<failure message="admin.spec.js:107:5 should search for watches" type="FAILURE">
<![CDATA[  [chromium] › admin.spec.js:107:5 › Admin Application E2E Tests › Watch Management › should search for watches 

    Error: page.goto: net::ERR_CONNECTION_REFUSED at http://localhost:5174/login
    Call log:
      - navigating to "http://localhost:5174/login", waiting until "load"


      393 |
      394 | async function loginAsAdmin(page) {
    > 395 |   await page.goto(`${ADMIN_URL}/login`);
          |              ^
      396 |   await page.getByPlaceholder(/Email/i).fill(ADMIN_EMAIL);
      397 |   await page.getByPlaceholder(/Password/i).fill(ADMIN_PASSWORD);
      398 |   await page.getByRole('button', { name: /Login/i }).click();
        at loginAsAdmin (/Users/paulmccarthy/juno-marketplace/test-automation/suites/e2e/admin.spec.js:395:14)
        at /Users/paulmccarthy/juno-marketplace/test-automation/suites/e2e/admin.spec.js:97:13

    attachment #1: screenshot (image/png) ──────────────────────────────────────────────────────────
    ../../test-results/admin-Admin-Application-E2-d9a5b-t-should-search-for-watches-chromium/test-failed-1.png
    ────────────────────────────────────────────────────────────────────────────────────────────────

    attachment #2: video (video/webm) ──────────────────────────────────────────────────────────────
    ../../test-results/admin-Admin-Application-E2-d9a5b-t-should-search-for-watches-chromium/video.webm
    ────────────────────────────────────────────────────────────────────────────────────────────────

    attachment #3: trace (application/zip) ─────────────────────────────────────────────────────────
    ../../test-results/admin-Admin-Application-E2-d9a5b-t-should-search-for-watches-chromium/trace.zip
    Usage:

        npx playwright show-trace ../../test-results/admin-Admin-Application-E2-d9a5b-t-should-search-for-watches-chromium/trace.zip

    ────────────────────────────────────────────────────────────────────────────────────────────────
]]>
</failure>
<system-out>
<![CDATA[
[[ATTACHMENT|../test-results/admin-Admin-Application-E2-d9a5b-t-should-search-for-watches-chromium/test-failed-1.png]]

[[ATTACHMENT|../test-results/admin-Admin-Application-E2-d9a5b-t-should-search-for-watches-chromium/video.webm]]

[[ATTACHMENT|../test-results/admin-Admin-Application-E2-d9a5b-t-should-search-for-watches-chromium/trace.zip]]
]]>
</system-out>
</testcase>
<testcase name="Admin Application E2E Tests › Watch Management › should open add watch form" classname="admin.spec.js" time="0.396">
<failure message="admin.spec.js:119:5 should open add watch form" type="FAILURE">
<![CDATA[  [chromium] › admin.spec.js:119:5 › Admin Application E2E Tests › Watch Management › should open add watch form 

    Error: page.goto: net::ERR_CONNECTION_REFUSED at http://localhost:5174/login
    Call log:
      - navigating to "http://localhost:5174/login", waiting until "load"


      393 |
      394 | async function loginAsAdmin(page) {
    > 395 |   await page.goto(`${ADMIN_URL}/login`);
          |              ^
      396 |   await page.getByPlaceholder(/Email/i).fill(ADMIN_EMAIL);
      397 |   await page.getByPlaceholder(/Password/i).fill(ADMIN_PASSWORD);
      398 |   await page.getByRole('button', { name: /Login/i }).click();
        at loginAsAdmin (/Users/paulmccarthy/juno-marketplace/test-automation/suites/e2e/admin.spec.js:395:14)
        at /Users/paulmccarthy/juno-marketplace/test-automation/suites/e2e/admin.spec.js:97:13

    attachment #1: screenshot (image/png) ──────────────────────────────────────────────────────────
    ../../test-results/admin-Admin-Application-E2-40ed7--should-open-add-watch-form-chromium/test-failed-1.png
    ────────────────────────────────────────────────────────────────────────────────────────────────

    attachment #2: video (video/webm) ──────────────────────────────────────────────────────────────
    ../../test-results/admin-Admin-Application-E2-40ed7--should-open-add-watch-form-chromium/video.webm
    ────────────────────────────────────────────────────────────────────────────────────────────────

    attachment #3: trace (application/zip) ─────────────────────────────────────────────────────────
    ../../test-results/admin-Admin-Application-E2-40ed7--should-open-add-watch-form-chromium/trace.zip
    Usage:

        npx playwright show-trace ../../test-results/admin-Admin-Application-E2-40ed7--should-open-add-watch-form-chromium/trace.zip

    ────────────────────────────────────────────────────────────────────────────────────────────────
]]>
</failure>
<system-out>
<![CDATA[
[[ATTACHMENT|../test-results/admin-Admin-Application-E2-40ed7--should-open-add-watch-form-chromium/test-failed-1.png]]

[[ATTACHMENT|../test-results/admin-Admin-Application-E2-40ed7--should-open-add-watch-form-chromium/video.webm]]

[[ATTACHMENT|../test-results/admin-Admin-Application-E2-40ed7--should-open-add-watch-form-chromium/trace.zip]]
]]>
</system-out>
</testcase>
<testcase name="Admin Application E2E Tests › Watch Management › should edit watch details" classname="admin.spec.js" time="0.388">
<failure message="admin.spec.js:128:5 should edit watch details" type="FAILURE">
<![CDATA[  [chromium] › admin.spec.js:128:5 › Admin Application E2E Tests › Watch Management › should edit watch details 

    Error: page.goto: net::ERR_CONNECTION_REFUSED at http://localhost:5174/login
    Call log:
      - navigating to "http://localhost:5174/login", waiting until "load"


      393 |
      394 | async function loginAsAdmin(page) {
    > 395 |   await page.goto(`${ADMIN_URL}/login`);
          |              ^
      396 |   await page.getByPlaceholder(/Email/i).fill(ADMIN_EMAIL);
      397 |   await page.getByPlaceholder(/Password/i).fill(ADMIN_PASSWORD);
      398 |   await page.getByRole('button', { name: /Login/i }).click();
        at loginAsAdmin (/Users/paulmccarthy/juno-marketplace/test-automation/suites/e2e/admin.spec.js:395:14)
        at /Users/paulmccarthy/juno-marketplace/test-automation/suites/e2e/admin.spec.js:97:13

    attachment #1: screenshot (image/png) ──────────────────────────────────────────────────────────
    ../../test-results/admin-Admin-Application-E2-1ee0e-t-should-edit-watch-details-chromium/test-failed-1.png
    ────────────────────────────────────────────────────────────────────────────────────────────────

    attachment #2: video (video/webm) ──────────────────────────────────────────────────────────────
    ../../test-results/admin-Admin-Application-E2-1ee0e-t-should-edit-watch-details-chromium/video.webm
    ────────────────────────────────────────────────────────────────────────────────────────────────

    attachment #3: trace (application/zip) ─────────────────────────────────────────────────────────
    ../../test-results/admin-Admin-Application-E2-1ee0e-t-should-edit-watch-details-chromium/trace.zip
    Usage:

        npx playwright show-trace ../../test-results/admin-Admin-Application-E2-1ee0e-t-should-edit-watch-details-chromium/trace.zip

    ────────────────────────────────────────────────────────────────────────────────────────────────
]]>
</failure>
<system-out>
<![CDATA[
[[ATTACHMENT|../test-results/admin-Admin-Application-E2-1ee0e-t-should-edit-watch-details-chromium/test-failed-1.png]]

[[ATTACHMENT|../test-results/admin-Admin-Application-E2-1ee0e-t-should-edit-watch-details-chromium/video.webm]]

[[ATTACHMENT|../test-results/admin-Admin-Application-E2-1ee0e-t-should-edit-watch-details-chromium/trace.zip]]
]]>
</system-out>
</testcase>
<testcase name="Admin Application E2E Tests › Watch Management › should delete watch" classname="admin.spec.js" time="0.345">
<failure message="admin.spec.js:145:5 should delete watch" type="FAILURE">
<![CDATA[  [chromium] › admin.spec.js:145:5 › Admin Application E2E Tests › Watch Management › should delete watch 

    Error: page.goto: net::ERR_CONNECTION_REFUSED at http://localhost:5174/login
    Call log:
      - navigating to "http://localhost:5174/login", waiting until "load"


      393 |
      394 | async function loginAsAdmin(page) {
    > 395 |   await page.goto(`${ADMIN_URL}/login`);
          |              ^
      396 |   await page.getByPlaceholder(/Email/i).fill(ADMIN_EMAIL);
      397 |   await page.getByPlaceholder(/Password/i).fill(ADMIN_PASSWORD);
      398 |   await page.getByRole('button', { name: /Login/i }).click();
        at loginAsAdmin (/Users/paulmccarthy/juno-marketplace/test-automation/suites/e2e/admin.spec.js:395:14)
        at /Users/paulmccarthy/juno-marketplace/test-automation/suites/e2e/admin.spec.js:97:13

    attachment #1: screenshot (image/png) ──────────────────────────────────────────────────────────
    ../../test-results/admin-Admin-Application-E2-04ffa-agement-should-delete-watch-chromium/test-failed-1.png
    ────────────────────────────────────────────────────────────────────────────────────────────────

    attachment #2: video (video/webm) ──────────────────────────────────────────────────────────────
    ../../test-results/admin-Admin-Application-E2-04ffa-agement-should-delete-watch-chromium/video.webm
    ────────────────────────────────────────────────────────────────────────────────────────────────

    attachment #3: trace (application/zip) ─────────────────────────────────────────────────────────
    ../../test-results/admin-Admin-Application-E2-04ffa-agement-should-delete-watch-chromium/trace.zip
    Usage:

        npx playwright show-trace ../../test-results/admin-Admin-Application-E2-04ffa-agement-should-delete-watch-chromium/trace.zip

    ────────────────────────────────────────────────────────────────────────────────────────────────
]]>
</failure>
<system-out>
<![CDATA[
[[ATTACHMENT|../test-results/admin-Admin-Application-E2-04ffa-agement-should-delete-watch-chromium/test-failed-1.png]]

[[ATTACHMENT|../test-results/admin-Admin-Application-E2-04ffa-agement-should-delete-watch-chromium/video.webm]]

[[ATTACHMENT|../test-results/admin-Admin-Application-E2-04ffa-agement-should-delete-watch-chromium/trace.zip]]
]]>
</system-out>
</testcase>
<testcase name="Admin Application E2E Tests › User Management › should display user list" classname="admin.spec.js" time="0.348">
<failure message="admin.spec.js:162:5 should display user list" type="FAILURE">
<![CDATA[  [chromium] › admin.spec.js:162:5 › Admin Application E2E Tests › User Management › should display user list 

    Error: page.goto: net::ERR_CONNECTION_REFUSED at http://localhost:5174/login
    Call log:
      - navigating to "http://localhost:5174/login", waiting until "load"


      393 |
      394 | async function loginAsAdmin(page) {
    > 395 |   await page.goto(`${ADMIN_URL}/login`);
          |              ^
      396 |   await page.getByPlaceholder(/Email/i).fill(ADMIN_EMAIL);
      397 |   await page.getByPlaceholder(/Password/i).fill(ADMIN_PASSWORD);
      398 |   await page.getByRole('button', { name: /Login/i }).click();
        at loginAsAdmin (/Users/paulmccarthy/juno-marketplace/test-automation/suites/e2e/admin.spec.js:395:14)
        at /Users/paulmccarthy/juno-marketplace/test-automation/suites/e2e/admin.spec.js:158:13

    attachment #1: screenshot (image/png) ──────────────────────────────────────────────────────────
    ../../test-results/admin-Admin-Application-E2-69edd-nt-should-display-user-list-chromium/test-failed-1.png
    ────────────────────────────────────────────────────────────────────────────────────────────────

    attachment #2: video (video/webm) ──────────────────────────────────────────────────────────────
    ../../test-results/admin-Admin-Application-E2-69edd-nt-should-display-user-list-chromium/video.webm
    ────────────────────────────────────────────────────────────────────────────────────────────────

    attachment #3: trace (application/zip) ─────────────────────────────────────────────────────────
    ../../test-results/admin-Admin-Application-E2-69edd-nt-should-display-user-list-chromium/trace.zip
    Usage:

        npx playwright show-trace ../../test-results/admin-Admin-Application-E2-69edd-nt-should-display-user-list-chromium/trace.zip

    ────────────────────────────────────────────────────────────────────────────────────────────────
]]>
</failure>
<system-out>
<![CDATA[
[[ATTACHMENT|../test-results/admin-Admin-Application-E2-69edd-nt-should-display-user-list-chromium/test-failed-1.png]]

[[ATTACHMENT|../test-results/admin-Admin-Application-E2-69edd-nt-should-display-user-list-chromium/video.webm]]

[[ATTACHMENT|../test-results/admin-Admin-Application-E2-69edd-nt-should-display-user-list-chromium/trace.zip]]
]]>
</system-out>
</testcase>
<testcase name="Admin Application E2E Tests › User Management › should search for users" classname="admin.spec.js" time="0.497">
<failure message="admin.spec.js:168:5 should search for users" type="FAILURE">
<![CDATA[  [chromium] › admin.spec.js:168:5 › Admin Application E2E Tests › User Management › should search for users 

    Error: page.goto: net::ERR_CONNECTION_REFUSED at http://localhost:5174/login
    Call log:
      - navigating to "http://localhost:5174/login", waiting until "load"


      393 |
      394 | async function loginAsAdmin(page) {
    > 395 |   await page.goto(`${ADMIN_URL}/login`);
          |              ^
      396 |   await page.getByPlaceholder(/Email/i).fill(ADMIN_EMAIL);
      397 |   await page.getByPlaceholder(/Password/i).fill(ADMIN_PASSWORD);
      398 |   await page.getByRole('button', { name: /Login/i }).click();
        at loginAsAdmin (/Users/paulmccarthy/juno-marketplace/test-automation/suites/e2e/admin.spec.js:395:14)
        at /Users/paulmccarthy/juno-marketplace/test-automation/suites/e2e/admin.spec.js:158:13

    attachment #1: screenshot (image/png) ──────────────────────────────────────────────────────────
    ../../test-results/admin-Admin-Application-E2-b9954-ent-should-search-for-users-chromium/test-failed-1.png
    ────────────────────────────────────────────────────────────────────────────────────────────────

    attachment #2: video (video/webm) ──────────────────────────────────────────────────────────────
    ../../test-results/admin-Admin-Application-E2-b9954-ent-should-search-for-users-chromium/video.webm
    ────────────────────────────────────────────────────────────────────────────────────────────────

    attachment #3: trace (application/zip) ─────────────────────────────────────────────────────────
    ../../test-results/admin-Admin-Application-E2-b9954-ent-should-search-for-users-chromium/trace.zip
    Usage:

        npx playwright show-trace ../../test-results/admin-Admin-Application-E2-b9954-ent-should-search-for-users-chromium/trace.zip

    ────────────────────────────────────────────────────────────────────────────────────────────────
]]>
</failure>
<system-out>
<![CDATA[
[[ATTACHMENT|../test-results/admin-Admin-Application-E2-b9954-ent-should-search-for-users-chromium/test-failed-1.png]]

[[ATTACHMENT|../test-results/admin-Admin-Application-E2-b9954-ent-should-search-for-users-chromium/video.webm]]

[[ATTACHMENT|../test-results/admin-Admin-Application-E2-b9954-ent-should-search-for-users-chromium/trace.zip]]
]]>
</system-out>
</testcase>
<testcase name="Admin Application E2E Tests › User Management › should toggle user admin status" classname="admin.spec.js" time="0.476">
<failure message="admin.spec.js:180:5 should toggle user admin status" type="FAILURE">
<![CDATA[  [chromium] › admin.spec.js:180:5 › Admin Application E2E Tests › User Management › should toggle user admin status 

    Error: page.goto: net::ERR_CONNECTION_REFUSED at http://localhost:5174/login
    Call log:
      - navigating to "http://localhost:5174/login", waiting until "load"


      393 |
      394 | async function loginAsAdmin(page) {
    > 395 |   await page.goto(`${ADMIN_URL}/login`);
          |              ^
      396 |   await page.getByPlaceholder(/Email/i).fill(ADMIN_EMAIL);
      397 |   await page.getByPlaceholder(/Password/i).fill(ADMIN_PASSWORD);
      398 |   await page.getByRole('button', { name: /Login/i }).click();
        at loginAsAdmin (/Users/paulmccarthy/juno-marketplace/test-automation/suites/e2e/admin.spec.js:395:14)
        at /Users/paulmccarthy/juno-marketplace/test-automation/suites/e2e/admin.spec.js:158:13

    attachment #1: screenshot (image/png) ──────────────────────────────────────────────────────────
    ../../test-results/admin-Admin-Application-E2-598b6-ld-toggle-user-admin-status-chromium/test-failed-1.png
    ────────────────────────────────────────────────────────────────────────────────────────────────

    attachment #2: video (video/webm) ──────────────────────────────────────────────────────────────
    ../../test-results/admin-Admin-Application-E2-598b6-ld-toggle-user-admin-status-chromium/video.webm
    ────────────────────────────────────────────────────────────────────────────────────────────────

    attachment #3: trace (application/zip) ─────────────────────────────────────────────────────────
    ../../test-results/admin-Admin-Application-E2-598b6-ld-toggle-user-admin-status-chromium/trace.zip
    Usage:

        npx playwright show-trace ../../test-results/admin-Admin-Application-E2-598b6-ld-toggle-user-admin-status-chromium/trace.zip

    ────────────────────────────────────────────────────────────────────────────────────────────────
]]>
</failure>
<system-out>
<![CDATA[
[[ATTACHMENT|../test-results/admin-Admin-Application-E2-598b6-ld-toggle-user-admin-status-chromium/test-failed-1.png]]

[[ATTACHMENT|../test-results/admin-Admin-Application-E2-598b6-ld-toggle-user-admin-status-chromium/video.webm]]

[[ATTACHMENT|../test-results/admin-Admin-Application-E2-598b6-ld-toggle-user-admin-status-chromium/trace.zip]]
]]>
</system-out>
</testcase>
<testcase name="Admin Application E2E Tests › User Management › should view user details" classname="admin.spec.js" time="0.498">
<failure message="admin.spec.js:193:5 should view user details" type="FAILURE">
<![CDATA[  [chromium] › admin.spec.js:193:5 › Admin Application E2E Tests › User Management › should view user details 

    Error: page.goto: net::ERR_CONNECTION_REFUSED at http://localhost:5174/login
    Call log:
      - navigating to "http://localhost:5174/login", waiting until "load"


      393 |
      394 | async function loginAsAdmin(page) {
    > 395 |   await page.goto(`${ADMIN_URL}/login`);
          |              ^
      396 |   await page.getByPlaceholder(/Email/i).fill(ADMIN_EMAIL);
      397 |   await page.getByPlaceholder(/Password/i).fill(ADMIN_PASSWORD);
      398 |   await page.getByRole('button', { name: /Login/i }).click();
        at loginAsAdmin (/Users/paulmccarthy/juno-marketplace/test-automation/suites/e2e/admin.spec.js:395:14)
        at /Users/paulmccarthy/juno-marketplace/test-automation/suites/e2e/admin.spec.js:158:13

    attachment #1: screenshot (image/png) ──────────────────────────────────────────────────────────
    ../../test-results/admin-Admin-Application-E2-e0b82-nt-should-view-user-details-chromium/test-failed-1.png
    ────────────────────────────────────────────────────────────────────────────────────────────────

    attachment #2: video (video/webm) ──────────────────────────────────────────────────────────────
    ../../test-results/admin-Admin-Application-E2-e0b82-nt-should-view-user-details-chromium/video.webm
    ────────────────────────────────────────────────────────────────────────────────────────────────

    attachment #3: trace (application/zip) ─────────────────────────────────────────────────────────
    ../../test-results/admin-Admin-Application-E2-e0b82-nt-should-view-user-details-chromium/trace.zip
    Usage:

        npx playwright show-trace ../../test-results/admin-Admin-Application-E2-e0b82-nt-should-view-user-details-chromium/trace.zip

    ────────────────────────────────────────────────────────────────────────────────────────────────
]]>
</failure>
<system-out>
<![CDATA[
[[ATTACHMENT|../test-results/admin-Admin-Application-E2-e0b82-nt-should-view-user-details-chromium/test-failed-1.png]]

[[ATTACHMENT|../test-results/admin-Admin-Application-E2-e0b82-nt-should-view-user-details-chromium/video.webm]]

[[ATTACHMENT|../test-results/admin-Admin-Application-E2-e0b82-nt-should-view-user-details-chromium/trace.zip]]
]]>
</system-out>
</testcase>
<testcase name="Admin Application E2E Tests › Order Management › should display order list" classname="admin.spec.js" time="0.471">
<failure message="admin.spec.js:209:5 should display order list" type="FAILURE">
<![CDATA[  [chromium] › admin.spec.js:209:5 › Admin Application E2E Tests › Order Management › should display order list 

    Error: page.goto: net::ERR_CONNECTION_REFUSED at http://localhost:5174/login
    Call log:
      - navigating to "http://localhost:5174/login", waiting until "load"


      393 |
      394 | async function loginAsAdmin(page) {
    > 395 |   await page.goto(`${ADMIN_URL}/login`);
          |              ^
      396 |   await page.getByPlaceholder(/Email/i).fill(ADMIN_EMAIL);
      397 |   await page.getByPlaceholder(/Password/i).fill(ADMIN_PASSWORD);
      398 |   await page.getByRole('button', { name: /Login/i }).click();
        at loginAsAdmin (/Users/paulmccarthy/juno-marketplace/test-automation/suites/e2e/admin.spec.js:395:14)
        at /Users/paulmccarthy/juno-marketplace/test-automation/suites/e2e/admin.spec.js:205:13

    attachment #1: screenshot (image/png) ──────────────────────────────────────────────────────────
    ../../test-results/admin-Admin-Application-E2-25b88-t-should-display-order-list-chromium/test-failed-1.png
    ────────────────────────────────────────────────────────────────────────────────────────────────

    attachment #2: video (video/webm) ──────────────────────────────────────────────────────────────
    ../../test-results/admin-Admin-Application-E2-25b88-t-should-display-order-list-chromium/video.webm
    ────────────────────────────────────────────────────────────────────────────────────────────────

    attachment #3: trace (application/zip) ─────────────────────────────────────────────────────────
    ../../test-results/admin-Admin-Application-E2-25b88-t-should-display-order-list-chromium/trace.zip
    Usage:

        npx playwright show-trace ../../test-results/admin-Admin-Application-E2-25b88-t-should-display-order-list-chromium/trace.zip

    ────────────────────────────────────────────────────────────────────────────────────────────────
]]>
</failure>
<system-out>
<![CDATA[
[[ATTACHMENT|../test-results/admin-Admin-Application-E2-25b88-t-should-display-order-list-chromium/test-failed-1.png]]

[[ATTACHMENT|../test-results/admin-Admin-Application-E2-25b88-t-should-display-order-list-chromium/video.webm]]

[[ATTACHMENT|../test-results/admin-Admin-Application-E2-25b88-t-should-display-order-list-chromium/trace.zip]]
]]>
</system-out>
</testcase>
<testcase name="Admin Application E2E Tests › Order Management › should filter orders by status" classname="admin.spec.js" time="0.375">
<failure message="admin.spec.js:221:5 should filter orders by status" type="FAILURE">
<![CDATA[  [chromium] › admin.spec.js:221:5 › Admin Application E2E Tests › Order Management › should filter orders by status 

    Error: page.goto: net::ERR_CONNECTION_REFUSED at http://localhost:5174/login
    Call log:
      - navigating to "http://localhost:5174/login", waiting until "load"


      393 |
      394 | async function loginAsAdmin(page) {
    > 395 |   await page.goto(`${ADMIN_URL}/login`);
          |              ^
      396 |   await page.getByPlaceholder(/Email/i).fill(ADMIN_EMAIL);
      397 |   await page.getByPlaceholder(/Password/i).fill(ADMIN_PASSWORD);
      398 |   await page.getByRole('button', { name: /Login/i }).click();
        at loginAsAdmin (/Users/paulmccarthy/juno-marketplace/test-automation/suites/e2e/admin.spec.js:395:14)
        at /Users/paulmccarthy/juno-marketplace/test-automation/suites/e2e/admin.spec.js:205:13

    attachment #1: screenshot (image/png) ──────────────────────────────────────────────────────────
    ../../test-results/admin-Admin-Application-E2-dda8e-uld-filter-orders-by-status-chromium/test-failed-1.png
    ────────────────────────────────────────────────────────────────────────────────────────────────

    attachment #2: video (video/webm) ──────────────────────────────────────────────────────────────
    ../../test-results/admin-Admin-Application-E2-dda8e-uld-filter-orders-by-status-chromium/video.webm
    ────────────────────────────────────────────────────────────────────────────────────────────────

    attachment #3: trace (application/zip) ─────────────────────────────────────────────────────────
    ../../test-results/admin-Admin-Application-E2-dda8e-uld-filter-orders-by-status-chromium/trace.zip
    Usage:

        npx playwright show-trace ../../test-results/admin-Admin-Application-E2-dda8e-uld-filter-orders-by-status-chromium/trace.zip

    ────────────────────────────────────────────────────────────────────────────────────────────────
]]>
</failure>
<system-out>
<![CDATA[
[[ATTACHMENT|../test-results/admin-Admin-Application-E2-dda8e-uld-filter-orders-by-status-chromium/test-failed-1.png]]

[[ATTACHMENT|../test-results/admin-Admin-Application-E2-dda8e-uld-filter-orders-by-status-chromium/video.webm]]

[[ATTACHMENT|../test-results/admin-Admin-Application-E2-dda8e-uld-filter-orders-by-status-chromium/trace.zip]]
]]>
</system-out>
</testcase>
<testcase name="Admin Application E2E Tests › Order Management › should view order details" classname="admin.spec.js" time="0.428">
<failure message="admin.spec.js:236:5 should view order details" type="FAILURE">
<![CDATA[  [chromium] › admin.spec.js:236:5 › Admin Application E2E Tests › Order Management › should view order details 

    Error: page.goto: net::ERR_CONNECTION_REFUSED at http://localhost:5174/login
    Call log:
      - navigating to "http://localhost:5174/login", waiting until "load"


      393 |
      394 | async function loginAsAdmin(page) {
    > 395 |   await page.goto(`${ADMIN_URL}/login`);
          |              ^
      396 |   await page.getByPlaceholder(/Email/i).fill(ADMIN_EMAIL);
      397 |   await page.getByPlaceholder(/Password/i).fill(ADMIN_PASSWORD);
      398 |   await page.getByRole('button', { name: /Login/i }).click();
        at loginAsAdmin (/Users/paulmccarthy/juno-marketplace/test-automation/suites/e2e/admin.spec.js:395:14)
        at /Users/paulmccarthy/juno-marketplace/test-automation/suites/e2e/admin.spec.js:205:13

    attachment #1: screenshot (image/png) ──────────────────────────────────────────────────────────
    ../../test-results/admin-Admin-Application-E2-4fa84-t-should-view-order-details-chromium/test-failed-1.png
    ────────────────────────────────────────────────────────────────────────────────────────────────

    attachment #2: video (video/webm) ──────────────────────────────────────────────────────────────
    ../../test-results/admin-Admin-Application-E2-4fa84-t-should-view-order-details-chromium/video.webm
    ────────────────────────────────────────────────────────────────────────────────────────────────

    attachment #3: trace (application/zip) ─────────────────────────────────────────────────────────
    ../../test-results/admin-Admin-Application-E2-4fa84-t-should-view-order-details-chromium/trace.zip
    Usage:

        npx playwright show-trace ../../test-results/admin-Admin-Application-E2-4fa84-t-should-view-order-details-chromium/trace.zip

    ────────────────────────────────────────────────────────────────────────────────────────────────
]]>
</failure>
<system-out>
<![CDATA[
[[ATTACHMENT|../test-results/admin-Admin-Application-E2-4fa84-t-should-view-order-details-chromium/test-failed-1.png]]

[[ATTACHMENT|../test-results/admin-Admin-Application-E2-4fa84-t-should-view-order-details-chromium/video.webm]]

[[ATTACHMENT|../test-results/admin-Admin-Application-E2-4fa84-t-should-view-order-details-chromium/trace.zip]]
]]>
</system-out>
</testcase>
<testcase name="Admin Application E2E Tests › Order Management › should refresh order status from JunoPay" classname="admin.spec.js" time="0.421">
<failure message="admin.spec.js:249:5 should refresh order status from JunoPay" type="FAILURE">
<![CDATA[  [chromium] › admin.spec.js:249:5 › Admin Application E2E Tests › Order Management › should refresh order status from JunoPay 

    Error: page.goto: net::ERR_CONNECTION_REFUSED at http://localhost:5174/login
    Call log:
      - navigating to "http://localhost:5174/login", waiting until "load"


      393 |
      394 | async function loginAsAdmin(page) {
    > 395 |   await page.goto(`${ADMIN_URL}/login`);
          |              ^
      396 |   await page.getByPlaceholder(/Email/i).fill(ADMIN_EMAIL);
      397 |   await page.getByPlaceholder(/Password/i).fill(ADMIN_PASSWORD);
      398 |   await page.getByRole('button', { name: /Login/i }).click();
        at loginAsAdmin (/Users/paulmccarthy/juno-marketplace/test-automation/suites/e2e/admin.spec.js:395:14)
        at /Users/paulmccarthy/juno-marketplace/test-automation/suites/e2e/admin.spec.js:205:13

    attachment #1: screenshot (image/png) ──────────────────────────────────────────────────────────
    ../../test-results/admin-Admin-Application-E2-1c9f2-h-order-status-from-JunoPay-chromium/test-failed-1.png
    ────────────────────────────────────────────────────────────────────────────────────────────────

    attachment #2: video (video/webm) ──────────────────────────────────────────────────────────────
    ../../test-results/admin-Admin-Application-E2-1c9f2-h-order-status-from-JunoPay-chromium/video.webm
    ────────────────────────────────────────────────────────────────────────────────────────────────

    attachment #3: trace (application/zip) ─────────────────────────────────────────────────────────
    ../../test-results/admin-Admin-Application-E2-1c9f2-h-order-status-from-JunoPay-chromium/trace.zip
    Usage:

        npx playwright show-trace ../../test-results/admin-Admin-Application-E2-1c9f2-h-order-status-from-JunoPay-chromium/trace.zip

    ────────────────────────────────────────────────────────────────────────────────────────────────
]]>
</failure>
<system-out>
<![CDATA[
[[ATTACHMENT|../test-results/admin-Admin-Application-E2-1c9f2-h-order-status-from-JunoPay-chromium/test-failed-1.png]]

[[ATTACHMENT|../test-results/admin-Admin-Application-E2-1c9f2-h-order-status-from-JunoPay-chromium/video.webm]]

[[ATTACHMENT|../test-results/admin-Admin-Application-E2-1c9f2-h-order-status-from-JunoPay-chromium/trace.zip]]
]]>
</system-out>
</testcase>
<testcase name="Admin Application E2E Tests › Bid Management › should display bid list" classname="admin.spec.js" time="0.428">
<failure message="admin.spec.js:268:5 should display bid list" type="FAILURE">
<![CDATA[  [chromium] › admin.spec.js:268:5 › Admin Application E2E Tests › Bid Management › should display bid list 

    Error: page.goto: net::ERR_CONNECTION_REFUSED at http://localhost:5174/login
    Call log:
      - navigating to "http://localhost:5174/login", waiting until "load"


      393 |
      394 | async function loginAsAdmin(page) {
    > 395 |   await page.goto(`${ADMIN_URL}/login`);
          |              ^
      396 |   await page.getByPlaceholder(/Email/i).fill(ADMIN_EMAIL);
      397 |   await page.getByPlaceholder(/Password/i).fill(ADMIN_PASSWORD);
      398 |   await page.getByRole('button', { name: /Login/i }).click();
        at loginAsAdmin (/Users/paulmccarthy/juno-marketplace/test-automation/suites/e2e/admin.spec.js:395:14)
        at /Users/paulmccarthy/juno-marketplace/test-automation/suites/e2e/admin.spec.js:264:13

    attachment #1: screenshot (image/png) ──────────────────────────────────────────────────────────
    ../../test-results/admin-Admin-Application-E2-ea3a9-ent-should-display-bid-list-chromium/test-failed-1.png
    ────────────────────────────────────────────────────────────────────────────────────────────────

    attachment #2: video (video/webm) ──────────────────────────────────────────────────────────────
    ../../test-results/admin-Admin-Application-E2-ea3a9-ent-should-display-bid-list-chromium/video.webm
    ────────────────────────────────────────────────────────────────────────────────────────────────

    attachment #3: trace (application/zip) ─────────────────────────────────────────────────────────
    ../../test-results/admin-Admin-Application-E2-ea3a9-ent-should-display-bid-list-chromium/trace.zip
    Usage:

        npx playwright show-trace ../../test-results/admin-Admin-Application-E2-ea3a9-ent-should-display-bid-list-chromium/trace.zip

    ────────────────────────────────────────────────────────────────────────────────────────────────
]]>
</failure>
<system-out>
<![CDATA[
[[ATTACHMENT|../test-results/admin-Admin-Application-E2-ea3a9-ent-should-display-bid-list-chromium/test-failed-1.png]]

[[ATTACHMENT|../test-results/admin-Admin-Application-E2-ea3a9-ent-should-display-bid-list-chromium/video.webm]]

[[ATTACHMENT|../test-results/admin-Admin-Application-E2-ea3a9-ent-should-display-bid-list-chromium/trace.zip]]
]]>
</system-out>
</testcase>
<testcase name="Admin Application E2E Tests › Bid Management › should filter bids by status" classname="admin.spec.js" time="0.431">
<failure message="admin.spec.js:280:5 should filter bids by status" type="FAILURE">
<![CDATA[  [chromium] › admin.spec.js:280:5 › Admin Application E2E Tests › Bid Management › should filter bids by status 

    Error: page.goto: net::ERR_CONNECTION_REFUSED at http://localhost:5174/login
    Call log:
      - navigating to "http://localhost:5174/login", waiting until "load"


      393 |
      394 | async function loginAsAdmin(page) {
    > 395 |   await page.goto(`${ADMIN_URL}/login`);
          |              ^
      396 |   await page.getByPlaceholder(/Email/i).fill(ADMIN_EMAIL);
      397 |   await page.getByPlaceholder(/Password/i).fill(ADMIN_PASSWORD);
      398 |   await page.getByRole('button', { name: /Login/i }).click();
        at loginAsAdmin (/Users/paulmccarthy/juno-marketplace/test-automation/suites/e2e/admin.spec.js:395:14)
        at /Users/paulmccarthy/juno-marketplace/test-automation/suites/e2e/admin.spec.js:264:13

    attachment #1: screenshot (image/png) ──────────────────────────────────────────────────────────
    ../../test-results/admin-Admin-Application-E2-ea6d9-hould-filter-bids-by-status-chromium/test-failed-1.png
    ────────────────────────────────────────────────────────────────────────────────────────────────

    attachment #2: video (video/webm) ──────────────────────────────────────────────────────────────
    ../../test-results/admin-Admin-Application-E2-ea6d9-hould-filter-bids-by-status-chromium/video.webm
    ────────────────────────────────────────────────────────────────────────────────────────────────

    attachment #3: trace (application/zip) ─────────────────────────────────────────────────────────
    ../../test-results/admin-Admin-Application-E2-ea6d9-hould-filter-bids-by-status-chromium/trace.zip
    Usage:

        npx playwright show-trace ../../test-results/admin-Admin-Application-E2-ea6d9-hould-filter-bids-by-status-chromium/trace.zip

    ────────────────────────────────────────────────────────────────────────────────────────────────
]]>
</failure>
<system-out>
<![CDATA[
[[ATTACHMENT|../test-results/admin-Admin-Application-E2-ea6d9-hould-filter-bids-by-status-chromium/test-failed-1.png]]

[[ATTACHMENT|../test-results/admin-Admin-Application-E2-ea6d9-hould-filter-bids-by-status-chromium/video.webm]]

[[ATTACHMENT|../test-results/admin-Admin-Application-E2-ea6d9-hould-filter-bids-by-status-chromium/trace.zip]]
]]>
</system-out>
</testcase>
<testcase name="Admin Application E2E Tests › Bid Management › should view bid details" classname="admin.spec.js" time="0.388">
<failure message="admin.spec.js:295:5 should view bid details" type="FAILURE">
<![CDATA[  [chromium] › admin.spec.js:295:5 › Admin Application E2E Tests › Bid Management › should view bid details 

    Error: page.goto: net::ERR_CONNECTION_REFUSED at http://localhost:5174/login
    Call log:
      - navigating to "http://localhost:5174/login", waiting until "load"


      393 |
      394 | async function loginAsAdmin(page) {
    > 395 |   await page.goto(`${ADMIN_URL}/login`);
          |              ^
      396 |   await page.getByPlaceholder(/Email/i).fill(ADMIN_EMAIL);
      397 |   await page.getByPlaceholder(/Password/i).fill(ADMIN_PASSWORD);
      398 |   await page.getByRole('button', { name: /Login/i }).click();
        at loginAsAdmin (/Users/paulmccarthy/juno-marketplace/test-automation/suites/e2e/admin.spec.js:395:14)
        at /Users/paulmccarthy/juno-marketplace/test-automation/suites/e2e/admin.spec.js:264:13

    attachment #1: screenshot (image/png) ──────────────────────────────────────────────────────────
    ../../test-results/admin-Admin-Application-E2-2f80d-ent-should-view-bid-details-chromium/test-failed-1.png
    ────────────────────────────────────────────────────────────────────────────────────────────────

    attachment #2: video (video/webm) ──────────────────────────────────────────────────────────────
    ../../test-results/admin-Admin-Application-E2-2f80d-ent-should-view-bid-details-chromium/video.webm
    ────────────────────────────────────────────────────────────────────────────────────────────────

    attachment #3: trace (application/zip) ─────────────────────────────────────────────────────────
    ../../test-results/admin-Admin-Application-E2-2f80d-ent-should-view-bid-details-chromium/trace.zip
    Usage:

        npx playwright show-trace ../../test-results/admin-Admin-Application-E2-2f80d-ent-should-view-bid-details-chromium/trace.zip

    ────────────────────────────────────────────────────────────────────────────────────────────────
]]>
</failure>
<system-out>
<![CDATA[
[[ATTACHMENT|../test-results/admin-Admin-Application-E2-2f80d-ent-should-view-bid-details-chromium/test-failed-1.png]]

[[ATTACHMENT|../test-results/admin-Admin-Application-E2-2f80d-ent-should-view-bid-details-chromium/video.webm]]

[[ATTACHMENT|../test-results/admin-Admin-Application-E2-2f80d-ent-should-view-bid-details-chromium/trace.zip]]
]]>
</system-out>
</testcase>
<testcase name="Admin Application E2E Tests › Bid Management › should update bid status" classname="admin.spec.js" time="0.32">
<failure message="admin.spec.js:308:5 should update bid status" type="FAILURE">
<![CDATA[  [chromium] › admin.spec.js:308:5 › Admin Application E2E Tests › Bid Management › should update bid status 

    Error: page.goto: net::ERR_CONNECTION_REFUSED at http://localhost:5174/login
    Call log:
      - navigating to "http://localhost:5174/login", waiting until "load"


      393 |
      394 | async function loginAsAdmin(page) {
    > 395 |   await page.goto(`${ADMIN_URL}/login`);
          |              ^
      396 |   await page.getByPlaceholder(/Email/i).fill(ADMIN_EMAIL);
      397 |   await page.getByPlaceholder(/Password/i).fill(ADMIN_PASSWORD);
      398 |   await page.getByRole('button', { name: /Login/i }).click();
        at loginAsAdmin (/Users/paulmccarthy/juno-marketplace/test-automation/suites/e2e/admin.spec.js:395:14)
        at /Users/paulmccarthy/juno-marketplace/test-automation/suites/e2e/admin.spec.js:264:13

    attachment #1: screenshot (image/png) ──────────────────────────────────────────────────────────
    ../../test-results/admin-Admin-Application-E2-0b98b-nt-should-update-bid-status-chromium/test-failed-1.png
    ────────────────────────────────────────────────────────────────────────────────────────────────

    attachment #2: video (video/webm) ──────────────────────────────────────────────────────────────
    ../../test-results/admin-Admin-Application-E2-0b98b-nt-should-update-bid-status-chromium/video.webm
    ────────────────────────────────────────────────────────────────────────────────────────────────

    attachment #3: trace (application/zip) ─────────────────────────────────────────────────────────
    ../../test-results/admin-Admin-Application-E2-0b98b-nt-should-update-bid-status-chromium/trace.zip
    Usage:

        npx playwright show-trace ../../test-results/admin-Admin-Application-E2-0b98b-nt-should-update-bid-status-chromium/trace.zip

    ────────────────────────────────────────────────────────────────────────────────────────────────
]]>
</failure>
<system-out>
<![CDATA[
[[ATTACHMENT|../test-results/admin-Admin-Application-E2-0b98b-nt-should-update-bid-status-chromium/test-failed-1.png]]

[[ATTACHMENT|../test-results/admin-Admin-Application-E2-0b98b-nt-should-update-bid-status-chromium/video.webm]]

[[ATTACHMENT|../test-results/admin-Admin-Application-E2-0b98b-nt-should-update-bid-status-chromium/trace.zip]]
]]>
</system-out>
</testcase>
<testcase name="Admin Application E2E Tests › Admin Navigation › should have working breadcrumbs" classname="admin.spec.js" time="0.329">
<failure message="admin.spec.js:332:5 should have working breadcrumbs" type="FAILURE">
<![CDATA[  [chromium] › admin.spec.js:332:5 › Admin Application E2E Tests › Admin Navigation › should have working breadcrumbs 

    Error: page.goto: net::ERR_CONNECTION_REFUSED at http://localhost:5174/login
    Call log:
      - navigating to "http://localhost:5174/login", waiting until "load"


      393 |
      394 | async function loginAsAdmin(page) {
    > 395 |   await page.goto(`${ADMIN_URL}/login`);
          |              ^
      396 |   await page.getByPlaceholder(/Email/i).fill(ADMIN_EMAIL);
      397 |   await page.getByPlaceholder(/Password/i).fill(ADMIN_PASSWORD);
      398 |   await page.getByRole('button', { name: /Login/i }).click();
        at loginAsAdmin (/Users/paulmccarthy/juno-marketplace/test-automation/suites/e2e/admin.spec.js:395:14)
        at /Users/paulmccarthy/juno-marketplace/test-automation/suites/e2e/admin.spec.js:329:13

    attachment #1: screenshot (image/png) ──────────────────────────────────────────────────────────
    ../../test-results/admin-Admin-Application-E2-38561-ld-have-working-breadcrumbs-chromium/test-failed-1.png
    ────────────────────────────────────────────────────────────────────────────────────────────────

    attachment #2: video (video/webm) ──────────────────────────────────────────────────────────────
    ../../test-results/admin-Admin-Application-E2-38561-ld-have-working-breadcrumbs-chromium/video.webm
    ────────────────────────────────────────────────────────────────────────────────────────────────

    attachment #3: trace (application/zip) ─────────────────────────────────────────────────────────
    ../../test-results/admin-Admin-Application-E2-38561-ld-have-working-breadcrumbs-chromium/trace.zip
    Usage:

        npx playwright show-trace ../../test-results/admin-Admin-Application-E2-38561-ld-have-working-breadcrumbs-chromium/trace.zip

    ────────────────────────────────────────────────────────────────────────────────────────────────
]]>
</failure>
<system-out>
<![CDATA[
[[ATTACHMENT|../test-results/admin-Admin-Application-E2-38561-ld-have-working-breadcrumbs-chromium/test-failed-1.png]]

[[ATTACHMENT|../test-results/admin-Admin-Application-E2-38561-ld-have-working-breadcrumbs-chromium/video.webm]]

[[ATTACHMENT|../test-results/admin-Admin-Application-E2-38561-ld-have-working-breadcrumbs-chromium/trace.zip]]
]]>
</system-out>
</testcase>
<testcase name="Admin Application E2E Tests › Admin Navigation › should have working sidebar navigation" classname="admin.spec.js" time="0.346">
<failure message="admin.spec.js:344:5 should have working sidebar navigation" type="FAILURE">
<![CDATA[  [chromium] › admin.spec.js:344:5 › Admin Application E2E Tests › Admin Navigation › should have working sidebar navigation 

    Error: page.goto: net::ERR_CONNECTION_REFUSED at http://localhost:5174/login
    Call log:
      - navigating to "http://localhost:5174/login", waiting until "load"


      393 |
      394 | async function loginAsAdmin(page) {
    > 395 |   await page.goto(`${ADMIN_URL}/login`);
          |              ^
      396 |   await page.getByPlaceholder(/Email/i).fill(ADMIN_EMAIL);
      397 |   await page.getByPlaceholder(/Password/i).fill(ADMIN_PASSWORD);
      398 |   await page.getByRole('button', { name: /Login/i }).click();
        at loginAsAdmin (/Users/paulmccarthy/juno-marketplace/test-automation/suites/e2e/admin.spec.js:395:14)
        at /Users/paulmccarthy/juno-marketplace/test-automation/suites/e2e/admin.spec.js:329:13

    attachment #1: screenshot (image/png) ──────────────────────────────────────────────────────────
    ../../test-results/admin-Admin-Application-E2-ea706--working-sidebar-navigation-chromium/test-failed-1.png
    ────────────────────────────────────────────────────────────────────────────────────────────────

    attachment #2: video (video/webm) ──────────────────────────────────────────────────────────────
    ../../test-results/admin-Admin-Application-E2-ea706--working-sidebar-navigation-chromium/video.webm
    ────────────────────────────────────────────────────────────────────────────────────────────────

    attachment #3: trace (application/zip) ─────────────────────────────────────────────────────────
    ../../test-results/admin-Admin-Application-E2-ea706--working-sidebar-navigation-chromium/trace.zip
    Usage:

        npx playwright show-trace ../../test-results/admin-Admin-Application-E2-ea706--working-sidebar-navigation-chromium/trace.zip

    ────────────────────────────────────────────────────────────────────────────────────────────────
]]>
</failure>
<system-out>
<![CDATA[
[[ATTACHMENT|../test-results/admin-Admin-Application-E2-ea706--working-sidebar-navigation-chromium/test-failed-1.png]]

[[ATTACHMENT|../test-results/admin-Admin-Application-E2-ea706--working-sidebar-navigation-chromium/video.webm]]

[[ATTACHMENT|../test-results/admin-Admin-Application-E2-ea706--working-sidebar-navigation-chromium/trace.zip]]
]]>
</system-out>
</testcase>
<testcase name="Admin Application E2E Tests › Admin Navigation › should display admin header" classname="admin.spec.js" time="0.31">
<failure message="admin.spec.js:352:5 should display admin header" type="FAILURE">
<![CDATA[  [chromium] › admin.spec.js:352:5 › Admin Application E2E Tests › Admin Navigation › should display admin header 

    Error: page.goto: net::ERR_CONNECTION_REFUSED at http://localhost:5174/login
    Call log:
      - navigating to "http://localhost:5174/login", waiting until "load"


      393 |
      394 | async function loginAsAdmin(page) {
    > 395 |   await page.goto(`${ADMIN_URL}/login`);
          |              ^
      396 |   await page.getByPlaceholder(/Email/i).fill(ADMIN_EMAIL);
      397 |   await page.getByPlaceholder(/Password/i).fill(ADMIN_PASSWORD);
      398 |   await page.getByRole('button', { name: /Login/i }).click();
        at loginAsAdmin (/Users/paulmccarthy/juno-marketplace/test-automation/suites/e2e/admin.spec.js:395:14)
        at /Users/paulmccarthy/juno-marketplace/test-automation/suites/e2e/admin.spec.js:329:13

    attachment #1: screenshot (image/png) ──────────────────────────────────────────────────────────
    ../../test-results/admin-Admin-Application-E2-db264-should-display-admin-header-chromium/test-failed-1.png
    ────────────────────────────────────────────────────────────────────────────────────────────────

    attachment #2: video (video/webm) ──────────────────────────────────────────────────────────────
    ../../test-results/admin-Admin-Application-E2-db264-should-display-admin-header-chromium/video.webm
    ────────────────────────────────────────────────────────────────────────────────────────────────

    attachment #3: trace (application/zip) ─────────────────────────────────────────────────────────
    ../../test-results/admin-Admin-Application-E2-db264-should-display-admin-header-chromium/trace.zip
    Usage:

        npx playwright show-trace ../../test-results/admin-Admin-Application-E2-db264-should-display-admin-header-chromium/trace.zip

    ────────────────────────────────────────────────────────────────────────────────────────────────
]]>
</failure>
<system-out>
<![CDATA[
[[ATTACHMENT|../test-results/admin-Admin-Application-E2-db264-should-display-admin-header-chromium/test-failed-1.png]]

[[ATTACHMENT|../test-results/admin-Admin-Application-E2-db264-should-display-admin-header-chromium/video.webm]]

[[ATTACHMENT|../test-results/admin-Admin-Application-E2-db264-should-display-admin-header-chromium/trace.zip]]
]]>
</system-out>
</testcase>
<testcase name="Admin Application E2E Tests › Data Export › should export watch data" classname="admin.spec.js" time="0.333">
<failure message="admin.spec.js:364:5 should export watch data" type="FAILURE">
<![CDATA[  [chromium] › admin.spec.js:364:5 › Admin Application E2E Tests › Data Export › should export watch data 

    Error: page.goto: net::ERR_CONNECTION_REFUSED at http://localhost:5174/login
    Call log:
      - navigating to "http://localhost:5174/login", waiting until "load"


      393 |
      394 | async function loginAsAdmin(page) {
    > 395 |   await page.goto(`${ADMIN_URL}/login`);
          |              ^
      396 |   await page.getByPlaceholder(/Email/i).fill(ADMIN_EMAIL);
      397 |   await page.getByPlaceholder(/Password/i).fill(ADMIN_PASSWORD);
      398 |   await page.getByRole('button', { name: /Login/i }).click();
        at loginAsAdmin (/Users/paulmccarthy/juno-marketplace/test-automation/suites/e2e/admin.spec.js:395:14)
        at /Users/paulmccarthy/juno-marketplace/test-automation/suites/e2e/admin.spec.js:361:13

    attachment #1: screenshot (image/png) ──────────────────────────────────────────────────────────
    ../../test-results/admin-Admin-Application-E2-58dfb-rt-should-export-watch-data-chromium/test-failed-1.png
    ────────────────────────────────────────────────────────────────────────────────────────────────

    attachment #2: video (video/webm) ──────────────────────────────────────────────────────────────
    ../../test-results/admin-Admin-Application-E2-58dfb-rt-should-export-watch-data-chromium/video.webm
    ────────────────────────────────────────────────────────────────────────────────────────────────

    attachment #3: trace (application/zip) ─────────────────────────────────────────────────────────
    ../../test-results/admin-Admin-Application-E2-58dfb-rt-should-export-watch-data-chromium/trace.zip
    Usage:

        npx playwright show-trace ../../test-results/admin-Admin-Application-E2-58dfb-rt-should-export-watch-data-chromium/trace.zip

    ────────────────────────────────────────────────────────────────────────────────────────────────
]]>
</failure>
<system-out>
<![CDATA[
[[ATTACHMENT|../test-results/admin-Admin-Application-E2-58dfb-rt-should-export-watch-data-chromium/test-failed-1.png]]

[[ATTACHMENT|../test-results/admin-Admin-Application-E2-58dfb-rt-should-export-watch-data-chromium/video.webm]]

[[ATTACHMENT|../test-results/admin-Admin-Application-E2-58dfb-rt-should-export-watch-data-chromium/trace.zip]]
]]>
</system-out>
</testcase>
<testcase name="Admin Application E2E Tests › Data Export › should export user data" classname="admin.spec.js" time="0.216">
<failure message="admin.spec.js:378:5 should export user data" type="FAILURE">
<![CDATA[  [chromium] › admin.spec.js:378:5 › Admin Application E2E Tests › Data Export › should export user data 

    Error: page.goto: net::ERR_CONNECTION_REFUSED at http://localhost:5174/login
    Call log:
      - navigating to "http://localhost:5174/login", waiting until "load"


      393 |
      394 | async function loginAsAdmin(page) {
    > 395 |   await page.goto(`${ADMIN_URL}/login`);
          |              ^
      396 |   await page.getByPlaceholder(/Email/i).fill(ADMIN_EMAIL);
      397 |   await page.getByPlaceholder(/Password/i).fill(ADMIN_PASSWORD);
      398 |   await page.getByRole('button', { name: /Login/i }).click();
        at loginAsAdmin (/Users/paulmccarthy/juno-marketplace/test-automation/suites/e2e/admin.spec.js:395:14)
        at /Users/paulmccarthy/juno-marketplace/test-automation/suites/e2e/admin.spec.js:361:13

    attachment #1: screenshot (image/png) ──────────────────────────────────────────────────────────
    ../../test-results/admin-Admin-Application-E2-3af43-ort-should-export-user-data-chromium/test-failed-1.png
    ────────────────────────────────────────────────────────────────────────────────────────────────

    attachment #2: video (video/webm) ──────────────────────────────────────────────────────────────
    ../../test-results/admin-Admin-Application-E2-3af43-ort-should-export-user-data-chromium/video.webm
    ────────────────────────────────────────────────────────────────────────────────────────────────

    attachment #3: trace (application/zip) ─────────────────────────────────────────────────────────
    ../../test-results/admin-Admin-Application-E2-3af43-ort-should-export-user-data-chromium/trace.zip
    Usage:

        npx playwright show-trace ../../test-results/admin-Admin-Application-E2-3af43-ort-should-export-user-data-chromium/trace.zip

    ────────────────────────────────────────────────────────────────────────────────────────────────
]]>
</failure>
<system-out>
<![CDATA[
[[ATTACHMENT|../test-results/admin-Admin-Application-E2-3af43-ort-should-export-user-data-chromium/test-failed-1.png]]

[[ATTACHMENT|../test-results/admin-Admin-Application-E2-3af43-ort-should-export-user-data-chromium/video.webm]]

[[ATTACHMENT|../test-results/admin-Admin-Application-E2-3af43-ort-should-export-user-data-chromium/trace.zip]]
]]>
</system-out>
</testcase>
</testsuite>
<testsuite name="demo.spec.js" timestamp="2025-09-15T11:30:30.904Z" hostname="chromium" tests="3" failures="1" skipped="0" time="10.408" errors="0">
<testcase name="🎬 Visual Demo - Marketplace Tour › Browse the Luxury Watch Marketplace" classname="demo.spec.js" time="9.809">
<system-out>
<![CDATA[
[...]
<failure message="marketplace.spec.js:112:5 should redirect to Juno OAuth when clicking login" type="FAILURE">
<![CDATA[  [chromium] › marketplace.spec.js:112:5 › Marketplace E2E Tests › Authentication Flow › should redirect to Juno OAuth when clicking login 

    TimeoutError: page.waitForEvent: Timeout 15000ms exceeded while waiting for event "popup"
    =========================== logs ===========================
    waiting for event "popup"
    ============================================================

      114 |       
      115 |       const [popup] = await Promise.all([
    > 116 |         page.waitForEvent('popup'),
          |              ^
      117 |         loginButton.click()
      118 |       ]);
      119 |       
        at /Users/paulmccarthy/juno-marketplace/test-automation/suites/e2e/marketplace.spec.js:116:14

    attachment #1: screenshot (image/png) ──────────────────────────────────────────────────────────
    ../../test-results/marketplace-Marketplace-E2-804d6-o-OAuth-when-clicking-login-chromium/test-failed-1.png
    ────────────────────────────────────────────────────────────────────────────────────────────────

    attachment #2: video (video/webm) ──────────────────────────────────────────────────────────────
    ../../test-results/marketplace-Marketplace-E2-804d6-o-OAuth-when-clicking-login-chromium/video.webm
    ────────────────────────────────────────────────────────────────────────────────────────────────

    Error Context: ../../test-results/marketplace-Marketplace-E2-804d6-o-OAuth-when-clicking-login-chromium/error-context.md

    attachment #4: trace (application/zip) ─────────────────────────────────────────────────────────
    ../../test-results/marketplace-Marketplace-E2-804d6-o-OAuth-when-clicking-login-chromium/trace.zip
    Usage:

        npx playwright show-trace ../../test-results/marketplace-Marketplace-E2-804d6-o-OAuth-when-clicking-login-chromium/trace.zip

    ────────────────────────────────────────────────────────────────────────────────────────────────
]]>
</failure>
<system-out>
<![CDATA[
[[ATTACHMENT|../test-results/marketplace-Marketplace-E2-804d6-o-OAuth-when-clicking-login-chromium/test-failed-1.png]]

[[ATTACHMENT|../test-results/marketplace-Marketplace-E2-804d6-o-OAuth-when-clicking-login-chromium/video.webm]]

[[ATTACHMENT|../test-results/marketplace-Marketplace-E2-804d6-o-OAuth-when-clicking-login-chromium/error-context.md]]

[[ATTACHMENT|../test-results/marketplace-Marketplace-E2-804d6-o-OAuth-when-clicking-login-chromium/trace.zip]]
]]>
</system-out>
</testcase>
<testcase name="Marketplace E2E Tests › Authentication Flow › should show user menu after login" classname="marketplace.spec.js" time="5.855">
<failure message="marketplace.spec.js:124:5 should show user menu after login" type="FAILURE">
<![CDATA[  [chromium] › marketplace.spec.js:124:5 › Marketplace E2E Tests › Authentication Flow › should show user menu after login 

    Error: expect(locator).toBeVisible() failed

    Locator:  getByTestId('user-menu')
    Expected: visible
    Received: <element(s) not found>
    Timeout:  5000ms

    Call log:
      - Expect "toBeVisible" with timeout 5000ms
      - waiting for getByTestId('user-menu')


      141 |       
      142 |       const userMenu = page.getByTestId('user-menu');
    > 143 |       await expect(userMenu).toBeVisible();
          |                              ^
      144 |     });
      145 |   });
      146 |
        at /Users/paulmccarthy/juno-marketplace/test-automation/suites/e2e/marketplace.spec.js:143:30

    attachment #1: screenshot (image/png) ──────────────────────────────────────────────────────────
    ../../test-results/marketplace-Marketplace-E2-51f07--show-user-menu-after-login-chromium/test-failed-1.png
    ────────────────────────────────────────────────────────────────────────────────────────────────

    attachment #2: video (video/webm) ──────────────────────────────────────────────────────────────
    ../../test-results/marketplace-Marketplace-E2-51f07--show-user-menu-after-login-chromium/video.webm
    ────────────────────────────────────────────────────────────────────────────────────────────────

    Error Context: ../../test-results/marketplace-Marketplace-E2-51f07--show-user-menu-after-login-chromium/error-context.md

    attachment #4: trace (application/zip) ─────────────────────────────────────────────────────────
    ../../test-results/marketplace-Marketplace-E2-51f07--show-user-menu-after-login-chromium/trace.zip
    Usage:

        npx playwright show-trace ../../test-results/marketplace-Marketplace-E2-51f07--show-user-menu-after-login-chromium/trace.zip

    ────────────────────────────────────────────────────────────────────────────────────────────────
]]>
</failure>
<system-out>
<![CDATA[
[[ATTACHMENT|../test-results/marketplace-Marketplace-E2-51f07--show-user-menu-after-login-chromium/test-failed-1.png]]

[[ATTACHMENT|../test-results/marketplace-Marketplace-E2-51f07--show-user-menu-after-login-chromium/video.webm]]

[[ATTACHMENT|../test-results/marketplace-Marketplace-E2-51f07--show-user-menu-after-login-chromium/error-context.md]]

[[ATTACHMENT|../test-results/marketplace-Marketplace-E2-51f07--show-user-menu-after-login-chromium/trace.zip]]
]]>
</system-out>
</testcase>
<testcase name="Marketplace E2E Tests › Bidding System › should show bid form on watch details page" classname="marketplace.spec.js" time="0.548">
<system-out>
<![CDATA[
[[ATTACHMENT|../test-results/marketplace-Marketplace-E2-57082--form-on-watch-details-page-chromium/test-finished-1.png]]

[[ATTACHMENT|../test-results/marketplace-Marketplace-E2-57082--form-on-watch-details-page-chromium/video.webm]]

[[ATTACHMENT|../test-results/marketplace-Marketplace-E2-57082--form-on-watch-details-page-chromium/trace.zip]]
]]>
</system-out>
</testcase>
<testcase name="Marketplace E2E Tests › Bidding System › should validate bid amount" classname="marketplace.spec.js" time="0.486">
<system-out>
<![CDATA[
[[ATTACHMENT|../test-results/marketplace-Marketplace-E2-55201--should-validate-bid-amount-chromium/test-finished-1.png]]

[[ATTACHMENT|../test-results/marketplace-Marketplace-E2-55201--should-validate-bid-amount-chromium/video.webm]]

[[ATTACHMENT|../test-results/marketplace-Marketplace-E2-55201--should-validate-bid-amount-chromium/trace.zip]]
]]>
</system-out>
</testcase>
<testcase name="Marketplace E2E Tests › Search Functionality › should search for watches" classname="marketplace.spec.js" time="15.617">
<failure message="marketplace.spec.js:185:5 should search for watches" type="FAILURE">
<![CDATA[  [chromium] › marketplace.spec.js:185:5 › Marketplace E2E Tests › Search Functionality › should search for watches 

    TimeoutError: locator.fill: Timeout 15000ms exceeded.
    Call log:
      - waiting for getByPlaceholder(/Search watches/i)


      187 |       
      188 |       const searchInput = page.getByPlaceholder(/Search watches/i);
    > 189 |       await searchInput.fill('Rolex Submariner');
          |                         ^
      190 |       await searchInput.press('Enter');
      191 |       
      192 |       await page.waitForTimeout(1000);
        at /Users/paulmccarthy/juno-marketplace/test-automation/suites/e2e/marketplace.spec.js:189:25

    attachment #1: screenshot (image/png) ──────────────────────────────────────────────────────────
    ../../test-results/marketplace-Marketplace-E2-3f28e-y-should-search-for-watches-chromium/test-failed-1.png
    ────────────────────────────────────────────────────────────────────────────────────────────────

    attachment #2: video (video/webm) ──────────────────────────────────────────────────────────────
    ../../test-results/marketplace-Marketplace-E2-3f28e-y-should-search-for-watches-chromium/video.webm
    ────────────────────────────────────────────────────────────────────────────────────────────────

    Error Context: ../../test-results/marketplace-Marketplace-E2-3f28e-y-should-search-for-watches-chromium/error-context.md

    attachment #4: trace (application/zip) ─────────────────────────────────────────────────────────
    ../../test-results/marketplace-Marketplace-E2-3f28e-y-should-search-for-watches-chromium/trace.zip
    Usage:

        npx playwright show-trace ../../test-results/marketplace-Marketplace-E2-3f28e-y-should-search-for-watches-chromium/trace.zip

    ────────────────────────────────────────────────────────────────────────────────────────────────
]]>
</failure>
<system-out>
<![CDATA[
[[ATTACHMENT|../test-results/marketplace-Marketplace-E2-3f28e-y-should-search-for-watches-chromium/test-failed-1.png]]

[[ATTACHMENT|../test-results/marketplace-Marketplace-E2-3f28e-y-should-search-for-watches-chromium/video.webm]]

[[ATTACHMENT|../test-results/marketplace-Marketplace-E2-3f28e-y-should-search-for-watches-chromium/error-context.md]]

[[ATTACHMENT|../test-results/marketplace-Marketplace-E2-3f28e-y-should-search-for-watches-chromium/trace.zip]]
]]>
</system-out>
</testcase>
<testcase name="Marketplace E2E Tests › Search Functionality › should show no results message for invalid search" classname="marketplace.spec.js" time="15.675">
<failure message="marketplace.spec.js:200:5 should show no results message for invalid search" type="FAILURE">
<![CDATA[  [chromium] › marketplace.spec.js:200:5 › Marketplace E2E Tests › Search Functionality › should show no results message for invalid search 

    TimeoutError: locator.fill: Timeout 15000ms exceeded.
    Call log:
      - waiting for getByPlaceholder(/Search watches/i)


      202 |       
      203 |       const searchInput = page.getByPlaceholder(/Search watches/i);
    > 204 |       await searchInput.fill('InvalidWatchName12345');
          |                         ^
      205 |       await searchInput.press('Enter');
      206 |       
      207 |       await page.waitForTimeout(1000);
        at /Users/paulmccarthy/juno-marketplace/test-automation/suites/e2e/marketplace.spec.js:204:25

    attachment #1: screenshot (image/png) ──────────────────────────────────────────────────────────
    ../../test-results/marketplace-Marketplace-E2-9463c--message-for-invalid-search-chromium/test-failed-1.png
    ────────────────────────────────────────────────────────────────────────────────────────────────

    attachment #2: video (video/webm) ──────────────────────────────────────────────────────────────
    ../../test-results/marketplace-Marketplace-E2-9463c--message-for-invalid-search-chromium/video.webm
    ────────────────────────────────────────────────────────────────────────────────────────────────

    Error Context: ../../test-results/marketplace-Marketplace-E2-9463c--message-for-invalid-search-chromium/error-context.md

    attachment #4: trace (application/zip) ─────────────────────────────────────────────────────────
    ../../test-results/marketplace-Marketplace-E2-9463c--message-for-invalid-search-chromium/trace.zip
    Usage:

        npx playwright show-trace ../../test-results/marketplace-Marketplace-E2-9463c--message-for-invalid-search-chromium/trace.zip

    ────────────────────────────────────────────────────────────────────────────────────────────────
]]>
</failure>
<system-out>
<![CDATA[
[[ATTACHMENT|../test-results/marketplace-Marketplace-E2-9463c--message-for-invalid-search-chromium/test-failed-1.png]]

[[ATTACHMENT|../test-results/marketplace-Marketplace-E2-9463c--message-for-invalid-search-chromium/video.webm]]

[[ATTACHMENT|../test-results/marketplace-Marketplace-E2-9463c--message-for-invalid-search-chromium/error-context.md]]

[[ATTACHMENT|../test-results/marketplace-Marketplace-E2-9463c--message-for-invalid-search-chromium/trace.zip]]
]]>
</system-out>
</testcase>
<testcase name="Marketplace E2E Tests › Responsive Design › should display mobile menu on small screens" classname="marketplace.spec.js" time="5.526">
<failure message="marketplace.spec.js:215:5 should display mobile menu on small screens" type="FAILURE">
<![CDATA[  [chromium] › marketplace.spec.js:215:5 › Marketplace E2E Tests › Responsive Design › should display mobile menu on small screens 

    Error: expect(locator).toBeVisible() failed

    Locator:  getByRole('button', { name: /menu/i })
    Expected: visible
    Received: <element(s) not found>
    Timeout:  5000ms

    Call log:
      - Expect "toBeVisible" with timeout 5000ms
      - waiting for getByRole('button', { name: /menu/i })


      218 |       
      219 |       const mobileMenuButton = page.getByRole('button', { name: /menu/i });
    > 220 |       await expect(mobileMenuButton).toBeVisible();
          |                                      ^
      221 |       
      222 |       await mobileMenuButton.click();
      223 |       
        at /Users/paulmccarthy/juno-marketplace/test-automation/suites/e2e/marketplace.spec.js:220:38

    attachment #1: screenshot (image/png) ──────────────────────────────────────────────────────────
    ../../test-results/marketplace-Marketplace-E2-9be49-obile-menu-on-small-screens-chromium/test-failed-1.png
    ────────────────────────────────────────────────────────────────────────────────────────────────

    attachment #2: video (video/webm) ──────────────────────────────────────────────────────────────
    ../../test-results/marketplace-Marketplace-E2-9be49-obile-menu-on-small-screens-chromium/video.webm
    ────────────────────────────────────────────────────────────────────────────────────────────────

    Error Context: ../../test-results/marketplace-Marketplace-E2-9be49-obile-menu-on-small-screens-chromium/error-context.md

    attachment #4: trace (application/zip) ─────────────────────────────────────────────────────────
    ../../test-results/marketplace-Marketplace-E2-9be49-obile-menu-on-small-screens-chromium/trace.zip
    Usage:

        npx playwright show-trace ../../test-results/marketplace-Marketplace-E2-9be49-obile-menu-on-small-screens-chromium/trace.zip

    ────────────────────────────────────────────────────────────────────────────────────────────────
]]>
</failure>
<system-out>
<![CDATA[
[[ATTACHMENT|../test-results/marketplace-Marketplace-E2-9be49-obile-menu-on-small-screens-chromium/test-failed-1.png]]

[[ATTACHMENT|../test-results/marketplace-Marketplace-E2-9be49-obile-menu-on-small-screens-chromium/video.webm]]

[[ATTACHMENT|../test-results/marketplace-Marketplace-E2-9be49-obile-menu-on-small-screens-chromium/error-context.md]]

[[ATTACHMENT|../test-results/marketplace-Marketplace-E2-9be49-obile-menu-on-small-screens-chromium/trace.zip]]
]]>
</system-out>
</testcase>
<testcase name="Marketplace E2E Tests › Responsive Design › should stack watch cards on mobile" classname="marketplace.spec.js" time="15.559">
<failure message="marketplace.spec.js:228:5 should stack watch cards on mobile" type="FAILURE">
<![CDATA[  [chromium] › marketplace.spec.js:228:5 › Marketplace E2E Tests › Responsive Design › should stack watch cards on mobile 

    TimeoutError: locator.boundingBox: Timeout 15000ms exceeded.
    Call log:
      - waiting for locator('.watch-card').first()


      234 |       const secondCard = watchCards.nth(1);
      235 |       
    > 236 |       const firstBox = await firstCard.boundingBox();
          |                                        ^
      237 |       const secondBox = await secondCard.boundingBox();
      238 |       
      239 |       if (firstBox && secondBox) {
        at /Users/paulmccarthy/juno-marketplace/test-automation/suites/e2e/marketplace.spec.js:236:40

    attachment #1: screenshot (image/png) ──────────────────────────────────────────────────────────
    ../../test-results/marketplace-Marketplace-E2-4b1c9-stack-watch-cards-on-mobile-chromium/test-failed-1.png
    ────────────────────────────────────────────────────────────────────────────────────────────────

    attachment #2: video (video/webm) ──────────────────────────────────────────────────────────────
    ../../test-results/marketplace-Marketplace-E2-4b1c9-stack-watch-cards-on-mobile-chromium/video.webm
    ────────────────────────────────────────────────────────────────────────────────────────────────

    Error Context: ../../test-results/marketplace-Marketplace-E2-4b1c9-stack-watch-cards-on-mobile-chromium/error-context.md

    attachment #4: trace (application/zip) ─────────────────────────────────────────────────────────
    ../../test-results/marketplace-Marketplace-E2-4b1c9-stack-watch-cards-on-mobile-chromium/trace.zip
    Usage:

        npx playwright show-trace ../../test-results/marketplace-Marketplace-E2-4b1c9-stack-watch-cards-on-mobile-chromium/trace.zip

    ────────────────────────────────────────────────────────────────────────────────────────────────
]]>
</failure>
<system-out>
<![CDATA[
[[ATTACHMENT|../test-results/marketplace-Marketplace-E2-4b1c9-stack-watch-cards-on-mobile-chromium/test-failed-1.png]]

[[ATTACHMENT|../test-results/marketplace-Marketplace-E2-4b1c9-stack-watch-cards-on-mobile-chromium/video.webm]]

[[ATTACHMENT|../test-results/marketplace-Marketplace-E2-4b1c9-stack-watch-cards-on-mobile-chromium/error-context.md]]

[[ATTACHMENT|../test-results/marketplace-Marketplace-E2-4b1c9-stack-watch-cards-on-mobile-chromium/trace.zip]]
]]>
</system-out>
</testcase>
<testcase name="Marketplace E2E Tests › User Profile › should navigate to profile page" classname="marketplace.spec.js" time="15.825">
<failure message="marketplace.spec.js:246:5 should navigate to profile page" type="FAILURE">
<![CDATA[  [chromium] › marketplace.spec.js:246:5 › Marketplace E2E Tests › User Profile › should navigate to profile page 

    TimeoutError: locator.click: Timeout 15000ms exceeded.
    Call log:
      - waiting for getByRole('link', { name: /Profile/i })


      263 |       
      264 |       const profileLink = page.getByRole('link', { name: /Profile/i });
    > 265 |       await profileLink.click();
          |                         ^
      266 |       
      267 |       await expect(page).toHaveURL(/\/profile/);
      268 |       await expect(page.locator('h1')).toContainText(/Profile/i);
        at /Users/paulmccarthy/juno-marketplace/test-automation/suites/e2e/marketplace.spec.js:265:25

    attachment #1: screenshot (image/png) ──────────────────────────────────────────────────────────
    ../../test-results/marketplace-Marketplace-E2-09338-ld-navigate-to-profile-page-chromium/test-failed-1.png
    ────────────────────────────────────────────────────────────────────────────────────────────────

    attachment #2: video (video/webm) ──────────────────────────────────────────────────────────────
    ../../test-results/marketplace-Marketplace-E2-09338-ld-navigate-to-profile-page-chromium/video.webm
    ────────────────────────────────────────────────────────────────────────────────────────────────

    Error Context: ../../test-results/marketplace-Marketplace-E2-09338-ld-navigate-to-profile-page-chromium/error-context.md

    attachment #4: trace (application/zip) ─────────────────────────────────────────────────────────
    ../../test-results/marketplace-Marketplace-E2-09338-ld-navigate-to-profile-page-chromium/trace.zip
    Usage:

        npx playwright show-trace ../../test-results/marketplace-Marketplace-E2-09338-ld-navigate-to-profile-page-chromium/trace.zip

    ────────────────────────────────────────────────────────────────────────────────────────────────
]]>
</failure>
<system-out>
<![CDATA[
[[ATTACHMENT|../test-results/marketplace-Marketplace-E2-09338-ld-navigate-to-profile-page-chromium/test-failed-1.png]]

[[ATTACHMENT|../test-results/marketplace-Marketplace-E2-09338-ld-navigate-to-profile-page-chromium/video.webm]]

[[ATTACHMENT|../test-results/marketplace-Marketplace-E2-09338-ld-navigate-to-profile-page-chromium/error-context.md]]

[[ATTACHMENT|../test-results/marketplace-Marketplace-E2-09338-ld-navigate-to-profile-page-chromium/trace.zip]]
]]>
</system-out>
</testcase>
</testsuite>
</testsuites>